time="2021-12-08 10:58:54" level=warning client_ip="::1" data_size=-1 hostname=DESKTOP-VL3JSDS method=OPTIONS path=/login spend_time="0 ms" status=404 user_agent="Mozilla/5.0 (Windows NT 10.0; Win64; x64) AppleWebKit/537.36 (KHTML, like Gecko) Chrome/96.0.4664.45 Safari/537.36"
time="2021-12-08 11:10:30" level=warning client_ip=192.168.2.4 data_size=-1 hostname=DESKTOP-VL3JSDS method=POST path=/api/login spend_time="0 ms" status=404 user_agent="Mozilla/5.0 (Windows NT 10.0; Win64; x64) AppleWebKit/537.36 (KHTML, like Gecko) Chrome/96.0.4664.45 Safari/537.36"
time="2021-12-08 11:14:04" level=info client_ip="::1" data_size=480 hostname=DESKTOP-VL3JSDS method=POST path=/api/auth/login spend_time="18 ms" status=200 user_agent=PostmanRuntime/7.28.4
time="2021-12-08 11:34:06" level=warning client_ip="::1" data_size=62 hostname=DESKTOP-VL3JSDS method=POST path=/api/auth/login spend_time="1 ms" status=400 user_agent="Mozilla/5.0 (Windows NT 10.0; Win64; x64) AppleWebKit/537.36 (KHTML, like Gecko) Chrome/96.0.4664.55 Safari/537.36 Edg/96.0.1054.43"
time="2021-12-08 11:34:18" level=warning client_ip="::1" data_size=62 hostname=DESKTOP-VL3JSDS method=POST path=/api/auth/login spend_time="0 ms" status=400 user_agent="Mozilla/5.0 (Linux; Android 6.0; Nexus 5 Build/MRA58N) AppleWebKit/537.36 (KHTML, like Gecko) Chrome/96.0.4664.55 Mobile Safari/537.36 Edg/96.0.1054.43"
time="2021-12-08 11:39:50" level=warning client_ip="::1" data_size=62 hostname=DESKTOP-VL3JSDS method=POST path=/api/auth/login spend_time="1 ms" status=400 user_agent="Mozilla/5.0 (Windows NT 10.0; Win64; x64) AppleWebKit/537.36 (KHTML, like Gecko) Chrome/96.0.4664.45 Safari/537.36"
time="2021-12-08 11:40:17" level=warning client_ip="::1" data_size=132 hostname=DESKTOP-VL3JSDS method=POST path=/api/auth/login spend_time="0 ms" status=400 user_agent=PostmanRuntime/7.28.4
time="2021-12-08 11:40:20" level=warning client_ip="::1" data_size=132 hostname=DESKTOP-VL3JSDS method=POST path=/api/auth/login spend_time="1 ms" status=400 user_agent=PostmanRuntime/7.28.4
time="2021-12-08 11:40:51" level=warning client_ip="::1" data_size=62 hostname=DESKTOP-VL3JSDS method=POST path=/api/auth/login spend_time="1 ms" status=400 user_agent="Mozilla/5.0 (Windows NT 10.0; Win64; x64) AppleWebKit/537.36 (KHTML, like Gecko) Chrome/96.0.4664.45 Safari/537.36"
time="2021-12-08 11:42:07" level=warning client_ip="::1" data_size=62 hostname=DESKTOP-VL3JSDS method=POST path=/api/auth/login spend_time="1 ms" status=400 user_agent="Mozilla/5.0 (Windows NT 10.0; Win64; x64) AppleWebKit/537.36 (KHTML, like Gecko) Chrome/96.0.4664.45 Safari/537.36"
time="2021-12-08 11:43:51" level=warning client_ip="::1" data_size=74 hostname=DESKTOP-VL3JSDS method=POST path=/api/auth/login spend_time="4 ms" status=401 user_agent=PostmanRuntime/7.28.4
time="2021-12-08 11:43:57" level=info client_ip="::1" data_size=480 hostname=DESKTOP-VL3JSDS method=POST path=/api/auth/login spend_time="3 ms" status=200 user_agent=PostmanRuntime/7.28.4
time="2021-12-08 11:49:12" level=warning client_ip="::1" data_size=181 hostname=DESKTOP-VL3JSDS method=POST path=/api/auth/login spend_time="1 ms" status=400 user_agent="Mozilla/5.0 (Windows NT 10.0; Win64; x64) AppleWebKit/537.36 (KHTML, like Gecko) Chrome/96.0.4664.45 Safari/537.36"
time="2021-12-08 11:57:18" level=warning client_ip="::1" data_size=181 hostname=DESKTOP-VL3JSDS method=POST path=/api/auth/login spend_time="1 ms" status=400 user_agent="Mozilla/5.0 (Linux; Android 6.0; Nexus 5 Build/MRA58N) AppleWebKit/537.36 (KHTML, like Gecko) Chrome/96.0.4664.55 Mobile Safari/537.36 Edg/96.0.1054.43"
time="2021-12-08 11:58:02" level=warning client_ip="::1" data_size=62 hostname=DESKTOP-VL3JSDS method=POST path=/api/auth/login spend_time="1 ms" status=400 user_agent="Mozilla/5.0 (Linux; Android 6.0; Nexus 5 Build/MRA58N) AppleWebKit/537.36 (KHTML, like Gecko) Chrome/96.0.4664.55 Mobile Safari/537.36 Edg/96.0.1054.43"
time="2021-12-08 11:59:49" level=info client_ip="::1" data_size=480 hostname=DESKTOP-VL3JSDS method=POST path=/api/auth/login spend_time="3 ms" status=200 user_agent=PostmanRuntime/7.28.4
time="2021-12-08 11:59:59" level=info client_ip="::1" data_size=480 hostname=DESKTOP-VL3JSDS method=POST path=/api/auth/login spend_time="3 ms" status=200 user_agent=PostmanRuntime/7.28.4
time="2021-12-08 12:00:00" level=info client_ip="::1" data_size=480 hostname=DESKTOP-VL3JSDS method=POST path=/api/auth/login spend_time="4 ms" status=200 user_agent=PostmanRuntime/7.28.4
time="2021-12-08 12:00:00" level=info client_ip="::1" data_size=480 hostname=DESKTOP-VL3JSDS method=POST path=/api/auth/login spend_time="2 ms" status=200 user_agent=PostmanRuntime/7.28.4
time="2021-12-08 12:00:01" level=info client_ip="::1" data_size=480 hostname=DESKTOP-VL3JSDS method=POST path=/api/auth/login spend_time="2 ms" status=200 user_agent=PostmanRuntime/7.28.4
time="2021-12-08 12:00:02" level=info client_ip="::1" data_size=480 hostname=DESKTOP-VL3JSDS method=POST path=/api/auth/login spend_time="3 ms" status=200 user_agent=PostmanRuntime/7.28.4
time="2021-12-08 12:02:24" level=warning client_ip="::1" data_size=132 hostname=DESKTOP-VL3JSDS method=POST path=/api/auth/login spend_time="1 ms" status=400 user_agent="Mozilla/5.0 (Linux; Android 6.0; Nexus 5 Build/MRA58N) AppleWebKit/537.36 (KHTML, like Gecko) Chrome/96.0.4664.55 Mobile Safari/537.36 Edg/96.0.1054.43"
time="2021-12-08 12:04:23" level=warning client_ip="::1" data_size=132 hostname=DESKTOP-VL3JSDS method=POST path=/api/auth/login spend_time="1 ms" status=400 user_agent="Mozilla/5.0 (Linux; Android 6.0; Nexus 5 Build/MRA58N) AppleWebKit/537.36 (KHTML, like Gecko) Chrome/96.0.4664.55 Mobile Safari/537.36 Edg/96.0.1054.43"
time="2021-12-08 12:05:47" level=info client_ip="::1" data_size=132 hostname=DESKTOP-VL3JSDS method=POST path=/api/auth/login spend_time="2 ms" status=200 user_agent="Mozilla/5.0 (Linux; Android 6.0; Nexus 5 Build/MRA58N) AppleWebKit/537.36 (KHTML, like Gecko) Chrome/96.0.4664.55 Mobile Safari/537.36 Edg/96.0.1054.43"
time="2021-12-08 12:06:09" level=info client_ip="::1" data_size=480 hostname=DESKTOP-VL3JSDS method=POST path=/api/auth/login spend_time="6 ms" status=200 user_agent="Mozilla/5.0 (Linux; Android 6.0; Nexus 5 Build/MRA58N) AppleWebKit/537.36 (KHTML, like Gecko) Chrome/96.0.4664.55 Mobile Safari/537.36 Edg/96.0.1054.43"
time="2021-12-08 12:07:58" level=info client_ip="::1" data_size=132 hostname=DESKTOP-VL3JSDS method=POST path=/api/auth/login spend_time="2 ms" status=200 user_agent="Mozilla/5.0 (Windows NT 10.0; Win64; x64) AppleWebKit/537.36 (KHTML, like Gecko) Chrome/96.0.4664.55 Safari/537.36 Edg/96.0.1054.43"
time="2021-12-08 12:08:18" level=info client_ip="::1" data_size=132 hostname=DESKTOP-VL3JSDS method=POST path=/api/auth/login spend_time="1 ms" status=200 user_agent="Mozilla/5.0 (Windows NT 10.0; Win64; x64) AppleWebKit/537.36 (KHTML, like Gecko) Chrome/96.0.4664.55 Safari/537.36 Edg/96.0.1054.43"
time="2021-12-08 12:09:11" level=info client_ip="::1" data_size=132 hostname=DESKTOP-VL3JSDS method=POST path=/api/auth/login spend_time="1 ms" status=200 user_agent="Mozilla/5.0 (Windows NT 10.0; Win64; x64) AppleWebKit/537.36 (KHTML, like Gecko) Chrome/96.0.4664.55 Safari/537.36 Edg/96.0.1054.43"
time="2021-12-08 12:09:24" level=warning client_ip="::1" data_size=74 hostname=DESKTOP-VL3JSDS method=POST path=/api/auth/login spend_time="3 ms" status=401 user_agent="Mozilla/5.0 (Windows NT 10.0; Win64; x64) AppleWebKit/537.36 (KHTML, like Gecko) Chrome/96.0.4664.55 Safari/537.36 Edg/96.0.1054.43"
time="2021-12-08 12:10:15" level=info client_ip="::1" data_size=480 hostname=DESKTOP-VL3JSDS method=POST path=/api/auth/login spend_time="25 ms" status=200 user_agent="Mozilla/5.0 (Windows NT 10.0; Win64; x64) AppleWebKit/537.36 (KHTML, like Gecko) Chrome/96.0.4664.55 Safari/537.36 Edg/96.0.1054.43"
time="2021-12-08 12:10:28" level=info client_ip="::1" data_size=480 hostname=DESKTOP-VL3JSDS method=POST path=/api/auth/login spend_time="3 ms" status=200 user_agent="Mozilla/5.0 (Windows NT 10.0; Win64; x64) AppleWebKit/537.36 (KHTML, like Gecko) Chrome/96.0.4664.55 Safari/537.36 Edg/96.0.1054.43"
time="2021-12-08 12:11:07" level=info client_ip="::1" data_size=480 hostname=DESKTOP-VL3JSDS method=POST path=/api/auth/login spend_time="5 ms" status=200 user_agent="Mozilla/5.0 (Windows NT 10.0; Win64; x64) AppleWebKit/537.36 (KHTML, like Gecko) Chrome/96.0.4664.55 Safari/537.36 Edg/96.0.1054.43"
time="2021-12-08 12:11:15" level=info client_ip="::1" data_size=480 hostname=DESKTOP-VL3JSDS method=POST path=/api/auth/login spend_time="3 ms" status=200 user_agent="Mozilla/5.0 (Windows NT 10.0; Win64; x64) AppleWebKit/537.36 (KHTML, like Gecko) Chrome/96.0.4664.55 Safari/537.36 Edg/96.0.1054.43"
time="2021-12-08 12:11:59" level=info client_ip="::1" data_size=480 hostname=DESKTOP-VL3JSDS method=POST path=/api/auth/login spend_time="3 ms" status=200 user_agent="Mozilla/5.0 (Windows NT 10.0; Win64; x64) AppleWebKit/537.36 (KHTML, like Gecko) Chrome/96.0.4664.55 Safari/537.36 Edg/96.0.1054.43"
time="2021-12-08 12:12:33" level=info client_ip="::1" data_size=480 hostname=DESKTOP-VL3JSDS method=POST path=/api/auth/login spend_time="4 ms" status=200 user_agent="Mozilla/5.0 (Windows NT 10.0; Win64; x64) AppleWebKit/537.36 (KHTML, like Gecko) Chrome/96.0.4664.55 Safari/537.36 Edg/96.0.1054.43"
time="2021-12-08 13:14:24" level=info client_ip="::1" data_size=132 hostname=DESKTOP-VL3JSDS method=POST path=/api/auth/login spend_time="2 ms" status=200 user_agent="Mozilla/5.0 (Windows NT 10.0; Win64; x64) AppleWebKit/537.36 (KHTML, like Gecko) Chrome/96.0.4664.45 Safari/537.36"
time="2021-12-08 13:14:43" level=info client_ip="::1" data_size=480 hostname=DESKTOP-VL3JSDS method=POST path=/api/auth/login spend_time="12 ms" status=200 user_agent="Mozilla/5.0 (Windows NT 10.0; Win64; x64) AppleWebKit/537.36 (KHTML, like Gecko) Chrome/96.0.4664.45 Safari/537.36"
time="2021-12-08 13:39:25" level=warning client_ip="::1" data_size=-1 hostname=DESKTOP-VL3JSDS method=GET path=/api/classification spend_time="0 ms" status=404 user_agent="Mozilla/5.0 (Windows NT 10.0; Win64; x64) AppleWebKit/537.36 (KHTML, like Gecko) Chrome/96.0.4664.45 Safari/537.36"
time="2021-12-08 13:39:30" level=warning client_ip="::1" data_size=-1 hostname=DESKTOP-VL3JSDS method=GET path=/api/classification spend_time="0 ms" status=404 user_agent="Mozilla/5.0 (Windows NT 10.0; Win64; x64) AppleWebKit/537.36 (KHTML, like Gecko) Chrome/96.0.4664.45 Safari/537.36"
time="2021-12-08 13:39:45" level=warning client_ip="::1" data_size=-1 hostname=DESKTOP-VL3JSDS method=GET path=/api/classification spend_time="0 ms" status=404 user_agent="Mozilla/5.0 (Windows NT 10.0; Win64; x64) AppleWebKit/537.36 (KHTML, like Gecko) Chrome/96.0.4664.45 Safari/537.36"
time="2021-12-08 13:39:48" level=warning client_ip="::1" data_size=-1 hostname=DESKTOP-VL3JSDS method=GET path=/api/classification spend_time="0 ms" status=404 user_agent="Mozilla/5.0 (Windows NT 10.0; Win64; x64) AppleWebKit/537.36 (KHTML, like Gecko) Chrome/96.0.4664.45 Safari/537.36"
time="2021-12-08 13:40:04" level=warning client_ip="::1" data_size=111 hostname=DESKTOP-VL3JSDS method=GET path="/api/classification/page=1&limit=10" spend_time="0 ms" status=400 user_agent=PostmanRuntime/7.28.4
time="2021-12-08 13:40:28" level=warning client_ip="::1" data_size=111 hostname=DESKTOP-VL3JSDS method=GET path="/api/classification/page=1&limit=10" spend_time="0 ms" status=400 user_agent=PostmanRuntime/7.28.4
time="2021-12-08 13:40:29" level=warning client_ip="::1" data_size=111 hostname=DESKTOP-VL3JSDS method=GET path="/api/classification/page=1&limit=10" spend_time="0 ms" status=400 user_agent=PostmanRuntime/7.28.4
time="2021-12-08 13:41:45" level=warning client_ip="::1" data_size=-1 hostname=DESKTOP-VL3JSDS method=GET path=/api/classification spend_time="0 ms" status=404 user_agent="Mozilla/5.0 (Windows NT 10.0; Win64; x64) AppleWebKit/537.36 (KHTML, like Gecko) Chrome/96.0.4664.45 Safari/537.36"
time="2021-12-08 13:42:03" level=warning client_ip="::1" data_size=-1 hostname=DESKTOP-VL3JSDS method=GET path=/api/classification spend_time="0 ms" status=404 user_agent="Mozilla/5.0 (Windows NT 10.0; Win64; x64) AppleWebKit/537.36 (KHTML, like Gecko) Chrome/96.0.4664.45 Safari/537.36"
time="2021-12-08 13:42:05" level=warning client_ip="::1" data_size=-1 hostname=DESKTOP-VL3JSDS method=GET path=/api/classification spend_time="0 ms" status=404 user_agent="Mozilla/5.0 (Windows NT 10.0; Win64; x64) AppleWebKit/537.36 (KHTML, like Gecko) Chrome/96.0.4664.45 Safari/537.36"
time="2021-12-08 13:42:22" level=warning client_ip="::1" data_size=-1 hostname=DESKTOP-VL3JSDS method=GET path=/api/classification spend_time="0 ms" status=404 user_agent=PostmanRuntime/7.28.4
time="2021-12-08 13:42:33" level=warning client_ip="::1" data_size=-1 hostname=DESKTOP-VL3JSDS method=GET path=/api/classification spend_time="0 ms" status=404 user_agent=PostmanRuntime/7.28.4
time="2021-12-08 13:42:34" level=warning client_ip="::1" data_size=-1 hostname=DESKTOP-VL3JSDS method=GET path=/api/classification spend_time="0 ms" status=404 user_agent=PostmanRuntime/7.28.4
time="2021-12-08 13:43:07" level=info client_ip="::1" data_size=685 hostname=DESKTOP-VL3JSDS method=GET path=/api/classification/list spend_time="29 ms" status=200 user_agent=PostmanRuntime/7.28.4
time="2021-12-08 13:43:34" level=warning client_ip="::1" data_size=-1 hostname=DESKTOP-VL3JSDS method=GET path=/api/classification spend_time="0 ms" status=404 user_agent="Mozilla/5.0 (Windows NT 10.0; Win64; x64) AppleWebKit/537.36 (KHTML, like Gecko) Chrome/96.0.4664.45 Safari/537.36"
time="2021-12-08 13:43:46" level=info client_ip="::1" data_size=685 hostname=DESKTOP-VL3JSDS method=GET path=/api/classification/list spend_time="2 ms" status=200 user_agent="Mozilla/5.0 (Windows NT 10.0; Win64; x64) AppleWebKit/537.36 (KHTML, like Gecko) Chrome/96.0.4664.45 Safari/537.36"
time="2021-12-08 13:43:54" level=info client_ip="::1" data_size=685 hostname=DESKTOP-VL3JSDS method=GET path=/api/classification/list spend_time="2 ms" status=200 user_agent="Mozilla/5.0 (Windows NT 10.0; Win64; x64) AppleWebKit/537.36 (KHTML, like Gecko) Chrome/96.0.4664.45 Safari/537.36"
time="2021-12-08 13:45:22" level=info client_ip="::1" data_size=685 hostname=DESKTOP-VL3JSDS method=GET path=/api/classification/list spend_time="2 ms" status=200 user_agent="Mozilla/5.0 (Windows NT 10.0; Win64; x64) AppleWebKit/537.36 (KHTML, like Gecko) Chrome/96.0.4664.45 Safari/537.36"
time="2021-12-08 13:45:26" level=info client_ip="::1" data_size=685 hostname=DESKTOP-VL3JSDS method=GET path=/api/classification/list spend_time="2 ms" status=200 user_agent="Mozilla/5.0 (Windows NT 10.0; Win64; x64) AppleWebKit/537.36 (KHTML, like Gecko) Chrome/96.0.4664.45 Safari/537.36"
time="2021-12-08 13:45:49" level=info client_ip="::1" data_size=685 hostname=DESKTOP-VL3JSDS method=GET path=/api/classification/list spend_time="2 ms" status=200 user_agent="Mozilla/5.0 (Windows NT 10.0; Win64; x64) AppleWebKit/537.36 (KHTML, like Gecko) Chrome/96.0.4664.45 Safari/537.36"
time="2021-12-08 13:45:52" level=info client_ip="::1" data_size=685 hostname=DESKTOP-VL3JSDS method=GET path=/api/classification/list spend_time="1 ms" status=200 user_agent="Mozilla/5.0 (Windows NT 10.0; Win64; x64) AppleWebKit/537.36 (KHTML, like Gecko) Chrome/96.0.4664.45 Safari/537.36"
time="2021-12-08 13:46:00" level=info client_ip="::1" data_size=685 hostname=DESKTOP-VL3JSDS method=GET path=/api/classification/list spend_time="4 ms" status=200 user_agent="Mozilla/5.0 (Windows NT 10.0; Win64; x64) AppleWebKit/537.36 (KHTML, like Gecko) Chrome/96.0.4664.45 Safari/537.36"
time="2021-12-08 13:46:02" level=info client_ip="::1" data_size=685 hostname=DESKTOP-VL3JSDS method=GET path=/api/classification/list spend_time="17 ms" status=200 user_agent="Mozilla/5.0 (Windows NT 10.0; Win64; x64) AppleWebKit/537.36 (KHTML, like Gecko) Chrome/96.0.4664.45 Safari/537.36"
time="2021-12-08 13:46:40" level=info client_ip="::1" data_size=685 hostname=DESKTOP-VL3JSDS method=GET path=/api/classification/list spend_time="3 ms" status=200 user_agent="Mozilla/5.0 (Windows NT 10.0; Win64; x64) AppleWebKit/537.36 (KHTML, like Gecko) Chrome/96.0.4664.45 Safari/537.36"
time="2021-12-08 13:46:44" level=info client_ip="::1" data_size=685 hostname=DESKTOP-VL3JSDS method=GET path=/api/classification/list spend_time="1 ms" status=200 user_agent="Mozilla/5.0 (Windows NT 10.0; Win64; x64) AppleWebKit/537.36 (KHTML, like Gecko) Chrome/96.0.4664.45 Safari/537.36"
time="2021-12-08 13:49:35" level=info client_ip="::1" data_size=685 hostname=DESKTOP-VL3JSDS method=GET path=/api/classification/list spend_time="2 ms" status=200 user_agent="Mozilla/5.0 (Windows NT 10.0; Win64; x64) AppleWebKit/537.36 (KHTML, like Gecko) Chrome/96.0.4664.45 Safari/537.36"
time="2021-12-08 13:50:19" level=info client_ip="::1" data_size=685 hostname=DESKTOP-VL3JSDS method=GET path=/api/classification/list spend_time="2 ms" status=200 user_agent="Mozilla/5.0 (Windows NT 10.0; Win64; x64) AppleWebKit/537.36 (KHTML, like Gecko) Chrome/96.0.4664.45 Safari/537.36"
time="2021-12-08 13:51:24" level=info client_ip="::1" data_size=685 hostname=DESKTOP-VL3JSDS method=GET path=/api/classification/list spend_time="2 ms" status=200 user_agent="Mozilla/5.0 (Windows NT 10.0; Win64; x64) AppleWebKit/537.36 (KHTML, like Gecko) Chrome/96.0.4664.45 Safari/537.36"
time="2021-12-08 13:51:24" level=info client_ip="::1" data_size=685 hostname=DESKTOP-VL3JSDS method=GET path=/api/classification/list spend_time="1 ms" status=200 user_agent="Mozilla/5.0 (Windows NT 10.0; Win64; x64) AppleWebKit/537.36 (KHTML, like Gecko) Chrome/96.0.4664.45 Safari/537.36"
time="2021-12-08 13:52:09" level=info client_ip="::1" data_size=685 hostname=DESKTOP-VL3JSDS method=GET path=/api/classification/list spend_time="1 ms" status=200 user_agent="Mozilla/5.0 (Windows NT 10.0; Win64; x64) AppleWebKit/537.36 (KHTML, like Gecko) Chrome/96.0.4664.45 Safari/537.36"
time="2021-12-08 13:52:09" level=info client_ip="::1" data_size=685 hostname=DESKTOP-VL3JSDS method=GET path=/api/classification/list spend_time="1 ms" status=200 user_agent="Mozilla/5.0 (Windows NT 10.0; Win64; x64) AppleWebKit/537.36 (KHTML, like Gecko) Chrome/96.0.4664.45 Safari/537.36"
time="2021-12-08 13:52:16" level=info client_ip="::1" data_size=685 hostname=DESKTOP-VL3JSDS method=GET path=/api/classification/list spend_time="2 ms" status=200 user_agent="Mozilla/5.0 (Windows NT 10.0; Win64; x64) AppleWebKit/537.36 (KHTML, like Gecko) Chrome/96.0.4664.45 Safari/537.36"
time="2021-12-08 13:52:50" level=info client_ip="::1" data_size=685 hostname=DESKTOP-VL3JSDS method=GET path=/api/classification/list spend_time="2 ms" status=200 user_agent="Mozilla/5.0 (Windows NT 10.0; Win64; x64) AppleWebKit/537.36 (KHTML, like Gecko) Chrome/96.0.4664.45 Safari/537.36"
time="2021-12-08 13:54:28" level=info client_ip="::1" data_size=685 hostname=DESKTOP-VL3JSDS method=GET path=/api/classification/list spend_time="2 ms" status=200 user_agent="Mozilla/5.0 (Windows NT 10.0; Win64; x64) AppleWebKit/537.36 (KHTML, like Gecko) Chrome/96.0.4664.45 Safari/537.36"
time="2021-12-08 13:55:40" level=info client_ip="::1" data_size=685 hostname=DESKTOP-VL3JSDS method=GET path=/api/classification/list spend_time="2 ms" status=200 user_agent="Mozilla/5.0 (Windows NT 10.0; Win64; x64) AppleWebKit/537.36 (KHTML, like Gecko) Chrome/96.0.4664.45 Safari/537.36"
time="2021-12-08 13:55:41" level=info client_ip="::1" data_size=685 hostname=DESKTOP-VL3JSDS method=GET path=/api/classification/list spend_time="1 ms" status=200 user_agent="Mozilla/5.0 (Windows NT 10.0; Win64; x64) AppleWebKit/537.36 (KHTML, like Gecko) Chrome/96.0.4664.45 Safari/537.36"
time="2021-12-08 13:56:36" level=info client_ip="::1" data_size=685 hostname=DESKTOP-VL3JSDS method=GET path=/api/classification/list spend_time="2 ms" status=200 user_agent="Mozilla/5.0 (Windows NT 10.0; Win64; x64) AppleWebKit/537.36 (KHTML, like Gecko) Chrome/96.0.4664.45 Safari/537.36"
time="2021-12-08 13:57:18" level=info client_ip="::1" data_size=685 hostname=DESKTOP-VL3JSDS method=GET path=/api/classification/list spend_time="1 ms" status=200 user_agent="Mozilla/5.0 (Windows NT 10.0; Win64; x64) AppleWebKit/537.36 (KHTML, like Gecko) Chrome/96.0.4664.45 Safari/537.36"
time="2021-12-08 13:57:39" level=info client_ip="::1" data_size=685 hostname=DESKTOP-VL3JSDS method=GET path=/api/classification/list spend_time="2 ms" status=200 user_agent="Mozilla/5.0 (Windows NT 10.0; Win64; x64) AppleWebKit/537.36 (KHTML, like Gecko) Chrome/96.0.4664.45 Safari/537.36"
time="2021-12-08 13:57:46" level=info client_ip="::1" data_size=685 hostname=DESKTOP-VL3JSDS method=GET path=/api/classification/list spend_time="3 ms" status=200 user_agent="Mozilla/5.0 (Windows NT 10.0; Win64; x64) AppleWebKit/537.36 (KHTML, like Gecko) Chrome/96.0.4664.45 Safari/537.36"
time="2021-12-08 14:00:38" level=info client_ip="::1" data_size=685 hostname=DESKTOP-VL3JSDS method=GET path=/api/classification/list spend_time="1 ms" status=200 user_agent="Mozilla/5.0 (Windows NT 10.0; Win64; x64) AppleWebKit/537.36 (KHTML, like Gecko) Chrome/96.0.4664.45 Safari/537.36"
time="2021-12-08 14:01:02" level=info client_ip="::1" data_size=685 hostname=DESKTOP-VL3JSDS method=GET path=/api/classification/list spend_time="1 ms" status=200 user_agent="Mozilla/5.0 (Windows NT 10.0; Win64; x64) AppleWebKit/537.36 (KHTML, like Gecko) Chrome/96.0.4664.45 Safari/537.36"
time="2021-12-08 14:11:43" level=info client_ip="::1" data_size=685 hostname=DESKTOP-VL3JSDS method=GET path=/api/classification/list spend_time="2 ms" status=200 user_agent="Mozilla/5.0 (Windows NT 10.0; Win64; x64) AppleWebKit/537.36 (KHTML, like Gecko) Chrome/96.0.4664.45 Safari/537.36"
time="2021-12-08 14:13:14" level=info client_ip="::1" data_size=685 hostname=DESKTOP-VL3JSDS method=GET path=/api/classification/list spend_time="1 ms" status=200 user_agent="Mozilla/5.0 (Windows NT 10.0; Win64; x64) AppleWebKit/537.36 (KHTML, like Gecko) Chrome/96.0.4664.45 Safari/537.36"
time="2021-12-08 14:13:23" level=info client_ip="::1" data_size=685 hostname=DESKTOP-VL3JSDS method=GET path=/api/classification/list spend_time="2 ms" status=200 user_agent="Mozilla/5.0 (Windows NT 10.0; Win64; x64) AppleWebKit/537.36 (KHTML, like Gecko) Chrome/96.0.4664.45 Safari/537.36"
time="2021-12-08 14:13:37" level=info client_ip="::1" data_size=685 hostname=DESKTOP-VL3JSDS method=GET path=/api/classification/list spend_time="1 ms" status=200 user_agent="Mozilla/5.0 (Windows NT 10.0; Win64; x64) AppleWebKit/537.36 (KHTML, like Gecko) Chrome/96.0.4664.45 Safari/537.36"
time="2021-12-08 14:13:53" level=info client_ip="::1" data_size=685 hostname=DESKTOP-VL3JSDS method=GET path=/api/classification/list spend_time="1 ms" status=200 user_agent="Mozilla/5.0 (Windows NT 10.0; Win64; x64) AppleWebKit/537.36 (KHTML, like Gecko) Chrome/96.0.4664.45 Safari/537.36"
time="2021-12-08 14:14:08" level=info client_ip="::1" data_size=685 hostname=DESKTOP-VL3JSDS method=GET path=/api/classification/list spend_time="1 ms" status=200 user_agent="Mozilla/5.0 (Windows NT 10.0; Win64; x64) AppleWebKit/537.36 (KHTML, like Gecko) Chrome/96.0.4664.45 Safari/537.36"
time="2021-12-08 14:14:21" level=info client_ip="::1" data_size=685 hostname=DESKTOP-VL3JSDS method=GET path=/api/classification/list spend_time="1 ms" status=200 user_agent="Mozilla/5.0 (Windows NT 10.0; Win64; x64) AppleWebKit/537.36 (KHTML, like Gecko) Chrome/96.0.4664.45 Safari/537.36"
time="2021-12-08 14:14:35" level=info client_ip="::1" data_size=685 hostname=DESKTOP-VL3JSDS method=GET path=/api/classification/list spend_time="1 ms" status=200 user_agent="Mozilla/5.0 (Windows NT 10.0; Win64; x64) AppleWebKit/537.36 (KHTML, like Gecko) Chrome/96.0.4664.45 Safari/537.36"
time="2021-12-08 14:14:48" level=info client_ip="::1" data_size=685 hostname=DESKTOP-VL3JSDS method=GET path=/api/classification/list spend_time="1 ms" status=200 user_agent="Mozilla/5.0 (Windows NT 10.0; Win64; x64) AppleWebKit/537.36 (KHTML, like Gecko) Chrome/96.0.4664.45 Safari/537.36"
time="2021-12-08 14:14:51" level=info client_ip="::1" data_size=685 hostname=DESKTOP-VL3JSDS method=GET path=/api/classification/list spend_time="1 ms" status=200 user_agent="Mozilla/5.0 (Windows NT 10.0; Win64; x64) AppleWebKit/537.36 (KHTML, like Gecko) Chrome/96.0.4664.45 Safari/537.36"
time="2021-12-08 14:15:06" level=info client_ip="::1" data_size=685 hostname=DESKTOP-VL3JSDS method=GET path=/api/classification/list spend_time="1 ms" status=200 user_agent="Mozilla/5.0 (Windows NT 10.0; Win64; x64) AppleWebKit/537.36 (KHTML, like Gecko) Chrome/96.0.4664.45 Safari/537.36"
time="2021-12-08 14:15:47" level=info client_ip="::1" data_size=685 hostname=DESKTOP-VL3JSDS method=GET path=/api/classification/list spend_time="2 ms" status=200 user_agent="Mozilla/5.0 (Windows NT 10.0; Win64; x64) AppleWebKit/537.36 (KHTML, like Gecko) Chrome/96.0.4664.45 Safari/537.36"
time="2021-12-08 14:16:23" level=info client_ip="::1" data_size=685 hostname=DESKTOP-VL3JSDS method=GET path=/api/classification/list spend_time="1 ms" status=200 user_agent="Mozilla/5.0 (Windows NT 10.0; Win64; x64) AppleWebKit/537.36 (KHTML, like Gecko) Chrome/96.0.4664.45 Safari/537.36"
time="2021-12-08 14:20:13" level=info client_ip="::1" data_size=685 hostname=DESKTOP-VL3JSDS method=GET path=/api/classification/list spend_time="1 ms" status=200 user_agent="Mozilla/5.0 (Windows NT 10.0; Win64; x64) AppleWebKit/537.36 (KHTML, like Gecko) Chrome/96.0.4664.45 Safari/537.36"
time="2021-12-08 14:20:15" level=info client_ip="::1" data_size=685 hostname=DESKTOP-VL3JSDS method=GET path=/api/classification/list spend_time="1 ms" status=200 user_agent="Mozilla/5.0 (Windows NT 10.0; Win64; x64) AppleWebKit/537.36 (KHTML, like Gecko) Chrome/96.0.4664.45 Safari/537.36"
time="2021-12-08 14:20:22" level=info client_ip="::1" data_size=685 hostname=DESKTOP-VL3JSDS method=GET path=/api/classification/list spend_time="2 ms" status=200 user_agent="Mozilla/5.0 (Windows NT 10.0; Win64; x64) AppleWebKit/537.36 (KHTML, like Gecko) Chrome/96.0.4664.45 Safari/537.36"
time="2021-12-08 14:21:28" level=info client_ip="::1" data_size=685 hostname=DESKTOP-VL3JSDS method=GET path=/api/classification/list spend_time="3 ms" status=200 user_agent="Mozilla/5.0 (Windows NT 10.0; Win64; x64) AppleWebKit/537.36 (KHTML, like Gecko) Chrome/96.0.4664.45 Safari/537.36"
time="2021-12-08 14:21:32" level=info client_ip="::1" data_size=685 hostname=DESKTOP-VL3JSDS method=GET path=/api/classification/list spend_time="1 ms" status=200 user_agent="Mozilla/5.0 (Windows NT 10.0; Win64; x64) AppleWebKit/537.36 (KHTML, like Gecko) Chrome/96.0.4664.45 Safari/537.36"
time="2021-12-08 14:21:37" level=warning client_ip="::1" data_size=106 hostname=DESKTOP-VL3JSDS method=PUT path="/api/classification/[object Object]" spend_time="3 ms" status=400 user_agent="Mozilla/5.0 (Windows NT 10.0; Win64; x64) AppleWebKit/537.36 (KHTML, like Gecko) Chrome/96.0.4664.45 Safari/537.36"
time="2021-12-08 14:21:56" level=info client_ip="::1" data_size=685 hostname=DESKTOP-VL3JSDS method=GET path=/api/classification/list spend_time="1 ms" status=200 user_agent="Mozilla/5.0 (Windows NT 10.0; Win64; x64) AppleWebKit/537.36 (KHTML, like Gecko) Chrome/96.0.4664.45 Safari/537.36"
time="2021-12-08 14:21:59" level=warning client_ip="::1" data_size=106 hostname=DESKTOP-VL3JSDS method=PUT path="/api/classification/[object Object]" spend_time="0 ms" status=400 user_agent="Mozilla/5.0 (Windows NT 10.0; Win64; x64) AppleWebKit/537.36 (KHTML, like Gecko) Chrome/96.0.4664.45 Safari/537.36"
time="2021-12-08 14:22:41" level=info client_ip="::1" data_size=685 hostname=DESKTOP-VL3JSDS method=GET path=/api/classification/list spend_time="13 ms" status=200 user_agent="Mozilla/5.0 (Windows NT 10.0; Win64; x64) AppleWebKit/537.36 (KHTML, like Gecko) Chrome/96.0.4664.45 Safari/537.36"
time="2021-12-08 14:22:43" level=info client_ip="::1" data_size=685 hostname=DESKTOP-VL3JSDS method=GET path=/api/classification/list spend_time="1 ms" status=200 user_agent="Mozilla/5.0 (Windows NT 10.0; Win64; x64) AppleWebKit/537.36 (KHTML, like Gecko) Chrome/96.0.4664.45 Safari/537.36"
time="2021-12-08 14:22:47" level=info client_ip="::1" data_size=190 hostname=DESKTOP-VL3JSDS method=POST path=/api/classification spend_time="59 ms" status=200 user_agent="Mozilla/5.0 (Windows NT 10.0; Win64; x64) AppleWebKit/537.36 (KHTML, like Gecko) Chrome/96.0.4664.45 Safari/537.36"
time="2021-12-08 14:22:47" level=info client_ip="::1" data_size=813 hostname=DESKTOP-VL3JSDS method=GET path=/api/classification/list spend_time="3 ms" status=200 user_agent="Mozilla/5.0 (Windows NT 10.0; Win64; x64) AppleWebKit/537.36 (KHTML, like Gecko) Chrome/96.0.4664.45 Safari/537.36"
time="2021-12-08 14:23:48" level=info client_ip="::1" data_size=813 hostname=DESKTOP-VL3JSDS method=GET path=/api/classification/list spend_time="1 ms" status=200 user_agent="Mozilla/5.0 (Windows NT 10.0; Win64; x64) AppleWebKit/537.36 (KHTML, like Gecko) Chrome/96.0.4664.45 Safari/537.36"
time="2021-12-08 14:24:17" level=info client_ip="::1" data_size=178 hostname=DESKTOP-VL3JSDS method=PUT path=/api/classification/5 spend_time="26 ms" status=200 user_agent="Mozilla/5.0 (Windows NT 10.0; Win64; x64) AppleWebKit/537.36 (KHTML, like Gecko) Chrome/96.0.4664.45 Safari/537.36"
time="2021-12-08 14:24:17" level=info client_ip="::1" data_size=819 hostname=DESKTOP-VL3JSDS method=GET path=/api/classification/list spend_time="1 ms" status=200 user_agent="Mozilla/5.0 (Windows NT 10.0; Win64; x64) AppleWebKit/537.36 (KHTML, like Gecko) Chrome/96.0.4664.45 Safari/537.36"
time="2021-12-08 14:32:27" level=info client_ip="::1" data_size=178 hostname=DESKTOP-VL3JSDS method=PUT path=/api/classification/3 spend_time="14 ms" status=200 user_agent="Mozilla/5.0 (Windows NT 10.0; Win64; x64) AppleWebKit/537.36 (KHTML, like Gecko) Chrome/96.0.4664.45 Safari/537.36"
time="2021-12-08 14:32:27" level=info client_ip="::1" data_size=822 hostname=DESKTOP-VL3JSDS method=GET path=/api/classification/list spend_time="2 ms" status=200 user_agent="Mozilla/5.0 (Windows NT 10.0; Win64; x64) AppleWebKit/537.36 (KHTML, like Gecko) Chrome/96.0.4664.45 Safari/537.36"
time="2021-12-08 14:32:42" level=info client_ip="::1" data_size=179 hostname=DESKTOP-VL3JSDS method=PUT path=/api/classification/5 spend_time="23 ms" status=200 user_agent="Mozilla/5.0 (Windows NT 10.0; Win64; x64) AppleWebKit/537.36 (KHTML, like Gecko) Chrome/96.0.4664.45 Safari/537.36"
time="2021-12-08 14:32:42" level=info client_ip="::1" data_size=823 hostname=DESKTOP-VL3JSDS method=GET path=/api/classification/list spend_time="1 ms" status=200 user_agent="Mozilla/5.0 (Windows NT 10.0; Win64; x64) AppleWebKit/537.36 (KHTML, like Gecko) Chrome/96.0.4664.45 Safari/537.36"
time="2021-12-08 14:34:17" level=info client_ip="::1" data_size=823 hostname=DESKTOP-VL3JSDS method=GET path=/api/classification/list spend_time="2 ms" status=200 user_agent="Mozilla/5.0 (Windows NT 10.0; Win64; x64) AppleWebKit/537.36 (KHTML, like Gecko) Chrome/96.0.4664.45 Safari/537.36"
time="2021-12-08 14:35:49" level=info client_ip="::1" data_size=823 hostname=DESKTOP-VL3JSDS method=GET path=/api/classification/list spend_time="1 ms" status=200 user_agent="Mozilla/5.0 (Windows NT 10.0; Win64; x64) AppleWebKit/537.36 (KHTML, like Gecko) Chrome/96.0.4664.45 Safari/537.36"
time="2021-12-08 14:36:05" level=info client_ip="::1" data_size=823 hostname=DESKTOP-VL3JSDS method=GET path=/api/classification/list spend_time="1 ms" status=200 user_agent="Mozilla/5.0 (Windows NT 10.0; Win64; x64) AppleWebKit/537.36 (KHTML, like Gecko) Chrome/96.0.4664.45 Safari/537.36"
time="2021-12-08 14:36:14" level=info client_ip="::1" data_size=823 hostname=DESKTOP-VL3JSDS method=GET path=/api/classification/list spend_time="1 ms" status=200 user_agent="Mozilla/5.0 (Windows NT 10.0; Win64; x64) AppleWebKit/537.36 (KHTML, like Gecko) Chrome/96.0.4664.45 Safari/537.36"
time="2021-12-08 14:36:17" level=info client_ip="::1" data_size=823 hostname=DESKTOP-VL3JSDS method=GET path=/api/classification/list spend_time="1 ms" status=200 user_agent="Mozilla/5.0 (Windows NT 10.0; Win64; x64) AppleWebKit/537.36 (KHTML, like Gecko) Chrome/96.0.4664.45 Safari/537.36"
time="2021-12-08 14:36:18" level=info client_ip="::1" data_size=163 hostname=DESKTOP-VL3JSDS method=DELETE path=/api/classification/7 spend_time="21 ms" status=200 user_agent="Mozilla/5.0 (Windows NT 10.0; Win64; x64) AppleWebKit/537.36 (KHTML, like Gecko) Chrome/96.0.4664.45 Safari/537.36"
time="2021-12-08 14:36:29" level=info client_ip="::1" data_size=695 hostname=DESKTOP-VL3JSDS method=GET path=/api/classification/list spend_time="7 ms" status=200 user_agent="Mozilla/5.0 (Windows NT 10.0; Win64; x64) AppleWebKit/537.36 (KHTML, like Gecko) Chrome/96.0.4664.45 Safari/537.36"
time="2021-12-08 14:36:31" level=info client_ip="::1" data_size=695 hostname=DESKTOP-VL3JSDS method=GET path=/api/classification/list spend_time="2 ms" status=200 user_agent="Mozilla/5.0 (Windows NT 10.0; Win64; x64) AppleWebKit/537.36 (KHTML, like Gecko) Chrome/96.0.4664.45 Safari/537.36"
time="2021-12-08 14:36:33" level=info client_ip="::1" data_size=163 hostname=DESKTOP-VL3JSDS method=DELETE path=/api/classification/6 spend_time="12 ms" status=200 user_agent="Mozilla/5.0 (Windows NT 10.0; Win64; x64) AppleWebKit/537.36 (KHTML, like Gecko) Chrome/96.0.4664.45 Safari/537.36"
time="2021-12-08 14:36:33" level=info client_ip="::1" data_size=570 hostname=DESKTOP-VL3JSDS method=GET path=/api/classification/list spend_time="1 ms" status=200 user_agent="Mozilla/5.0 (Windows NT 10.0; Win64; x64) AppleWebKit/537.36 (KHTML, like Gecko) Chrome/96.0.4664.45 Safari/537.36"
time="2021-12-08 14:36:37" level=info client_ip="::1" data_size=163 hostname=DESKTOP-VL3JSDS method=DELETE path=/api/classification/5 spend_time="20 ms" status=200 user_agent="Mozilla/5.0 (Windows NT 10.0; Win64; x64) AppleWebKit/537.36 (KHTML, like Gecko) Chrome/96.0.4664.45 Safari/537.36"
time="2021-12-08 14:36:37" level=info client_ip="::1" data_size=444 hostname=DESKTOP-VL3JSDS method=GET path=/api/classification/list spend_time="2 ms" status=200 user_agent="Mozilla/5.0 (Windows NT 10.0; Win64; x64) AppleWebKit/537.36 (KHTML, like Gecko) Chrome/96.0.4664.45 Safari/537.36"
time="2021-12-08 14:36:39" level=info client_ip="::1" data_size=163 hostname=DESKTOP-VL3JSDS method=DELETE path=/api/classification/1 spend_time="54 ms" status=200 user_agent="Mozilla/5.0 (Windows NT 10.0; Win64; x64) AppleWebKit/537.36 (KHTML, like Gecko) Chrome/96.0.4664.45 Safari/537.36"
time="2021-12-08 14:36:39" level=info client_ip="::1" data_size=444 hostname=DESKTOP-VL3JSDS method=GET path=/api/classification/list spend_time="1 ms" status=200 user_agent="Mozilla/5.0 (Windows NT 10.0; Win64; x64) AppleWebKit/537.36 (KHTML, like Gecko) Chrome/96.0.4664.45 Safari/537.36"
time="2021-12-08 14:36:44" level=info client_ip="::1" data_size=163 hostname=DESKTOP-VL3JSDS method=DELETE path=/api/classification/1 spend_time="13 ms" status=200 user_agent="Mozilla/5.0 (Windows NT 10.0; Win64; x64) AppleWebKit/537.36 (KHTML, like Gecko) Chrome/96.0.4664.45 Safari/537.36"
time="2021-12-08 14:36:45" level=info client_ip="::1" data_size=444 hostname=DESKTOP-VL3JSDS method=GET path=/api/classification/list spend_time="1 ms" status=200 user_agent="Mozilla/5.0 (Windows NT 10.0; Win64; x64) AppleWebKit/537.36 (KHTML, like Gecko) Chrome/96.0.4664.45 Safari/537.36"
time="2021-12-08 14:36:50" level=info client_ip="::1" data_size=444 hostname=DESKTOP-VL3JSDS method=GET path=/api/classification/list spend_time="1 ms" status=200 user_agent="Mozilla/5.0 (Windows NT 10.0; Win64; x64) AppleWebKit/537.36 (KHTML, like Gecko) Chrome/96.0.4664.45 Safari/537.36"
time="2021-12-08 14:37:00" level=info client_ip="::1" data_size=163 hostname=DESKTOP-VL3JSDS method=DELETE path=/api/classification/1 spend_time="9 ms" status=200 user_agent="Mozilla/5.0 (Windows NT 10.0; Win64; x64) AppleWebKit/537.36 (KHTML, like Gecko) Chrome/96.0.4664.45 Safari/537.36"
time="2021-12-08 14:37:00" level=info client_ip="::1" data_size=444 hostname=DESKTOP-VL3JSDS method=GET path=/api/classification/list spend_time="1 ms" status=200 user_agent="Mozilla/5.0 (Windows NT 10.0; Win64; x64) AppleWebKit/537.36 (KHTML, like Gecko) Chrome/96.0.4664.45 Safari/537.36"
time="2021-12-08 14:37:20" level=info client_ip="::1" data_size=439 hostname=DESKTOP-VL3JSDS method=GET path=/api/classification/list spend_time="2 ms" status=200 user_agent="Mozilla/5.0 (Windows NT 10.0; Win64; x64) AppleWebKit/537.36 (KHTML, like Gecko) Chrome/96.0.4664.45 Safari/537.36"
time="2021-12-08 14:48:37" level=info client_ip="::1" data_size=439 hostname=DESKTOP-VL3JSDS method=GET path=/api/classification/list spend_time="2 ms" status=200 user_agent="Mozilla/5.0 (Windows NT 10.0; Win64; x64) AppleWebKit/537.36 (KHTML, like Gecko) Chrome/96.0.4664.45 Safari/537.36"
time="2021-12-08 14:48:56" level=info client_ip="::1" data_size=439 hostname=DESKTOP-VL3JSDS method=GET path=/api/classification/list spend_time="2 ms" status=200 user_agent="Mozilla/5.0 (Windows NT 10.0; Win64; x64) AppleWebKit/537.36 (KHTML, like Gecko) Chrome/96.0.4664.45 Safari/537.36"
time="2021-12-08 14:49:37" level=info client_ip="::1" data_size=439 hostname=DESKTOP-VL3JSDS method=GET path=/api/classification/list spend_time="4 ms" status=200 user_agent="Mozilla/5.0 (Windows NT 10.0; Win64; x64) AppleWebKit/537.36 (KHTML, like Gecko) Chrome/96.0.4664.45 Safari/537.36"
time="2021-12-08 14:56:45" level=info client_ip="::1" data_size=1480 hostname=DESKTOP-VL3JSDS method=GET path=/api/article spend_time="16 ms" status=200 user_agent="Mozilla/5.0 (Windows NT 10.0; Win64; x64) AppleWebKit/537.36 (KHTML, like Gecko) Chrome/96.0.4664.45 Safari/537.36"
time="2021-12-08 14:57:34" level=info client_ip="::1" data_size=1480 hostname=DESKTOP-VL3JSDS method=GET path=/api/article spend_time="2 ms" status=200 user_agent="Mozilla/5.0 (Windows NT 10.0; Win64; x64) AppleWebKit/537.36 (KHTML, like Gecko) Chrome/96.0.4664.45 Safari/537.36"
time="2021-12-08 14:58:38" level=info client_ip="::1" data_size=1480 hostname=DESKTOP-VL3JSDS method=GET path=/api/article spend_time="10 ms" status=200 user_agent="Mozilla/5.0 (Windows NT 10.0; Win64; x64) AppleWebKit/537.36 (KHTML, like Gecko) Chrome/96.0.4664.45 Safari/537.36"
time="2021-12-08 14:59:16" level=info client_ip="::1" data_size=1480 hostname=DESKTOP-VL3JSDS method=GET path=/api/article spend_time="1 ms" status=200 user_agent="Mozilla/5.0 (Windows NT 10.0; Win64; x64) AppleWebKit/537.36 (KHTML, like Gecko) Chrome/96.0.4664.45 Safari/537.36"
time="2021-12-08 14:59:58" level=info client_ip="::1" data_size=1480 hostname=DESKTOP-VL3JSDS method=GET path=/api/article spend_time="2 ms" status=200 user_agent="Mozilla/5.0 (Windows NT 10.0; Win64; x64) AppleWebKit/537.36 (KHTML, like Gecko) Chrome/96.0.4664.45 Safari/537.36"
time="2021-12-08 15:00:35" level=info client_ip="::1" data_size=1480 hostname=DESKTOP-VL3JSDS method=GET path=/api/article spend_time="4 ms" status=200 user_agent="Mozilla/5.0 (Windows NT 10.0; Win64; x64) AppleWebKit/537.36 (KHTML, like Gecko) Chrome/96.0.4664.45 Safari/537.36"
time="2021-12-08 15:00:36" level=info client_ip="::1" data_size=1480 hostname=DESKTOP-VL3JSDS method=GET path=/api/article spend_time="2 ms" status=200 user_agent="Mozilla/5.0 (Windows NT 10.0; Win64; x64) AppleWebKit/537.36 (KHTML, like Gecko) Chrome/96.0.4664.45 Safari/537.36"
time="2021-12-08 15:00:36" level=info client_ip="::1" data_size=1480 hostname=DESKTOP-VL3JSDS method=GET path=/api/article spend_time="1 ms" status=200 user_agent="Mozilla/5.0 (Windows NT 10.0; Win64; x64) AppleWebKit/537.36 (KHTML, like Gecko) Chrome/96.0.4664.45 Safari/537.36"
time="2021-12-08 15:00:36" level=info client_ip="::1" data_size=1480 hostname=DESKTOP-VL3JSDS method=GET path=/api/article spend_time="1 ms" status=200 user_agent="Mozilla/5.0 (Windows NT 10.0; Win64; x64) AppleWebKit/537.36 (KHTML, like Gecko) Chrome/96.0.4664.45 Safari/537.36"
time="2021-12-08 15:01:34" level=info client_ip="::1" data_size=1480 hostname=DESKTOP-VL3JSDS method=GET path=/api/article spend_time="1 ms" status=200 user_agent="Mozilla/5.0 (Windows NT 10.0; Win64; x64) AppleWebKit/537.36 (KHTML, like Gecko) Chrome/96.0.4664.45 Safari/537.36"
time="2021-12-08 15:02:47" level=info client_ip="::1" data_size=1480 hostname=DESKTOP-VL3JSDS method=GET path=/api/article spend_time="2 ms" status=200 user_agent="Mozilla/5.0 (Windows NT 10.0; Win64; x64) AppleWebKit/537.36 (KHTML, like Gecko) Chrome/96.0.4664.45 Safari/537.36"
time="2021-12-08 15:03:00" level=info client_ip="::1" data_size=1480 hostname=DESKTOP-VL3JSDS method=GET path=/api/article spend_time="2 ms" status=200 user_agent="Mozilla/5.0 (Windows NT 10.0; Win64; x64) AppleWebKit/537.36 (KHTML, like Gecko) Chrome/96.0.4664.45 Safari/537.36"
time="2021-12-08 15:03:19" level=info client_ip="::1" data_size=1480 hostname=DESKTOP-VL3JSDS method=GET path=/api/article spend_time="2 ms" status=200 user_agent="Mozilla/5.0 (Windows NT 10.0; Win64; x64) AppleWebKit/537.36 (KHTML, like Gecko) Chrome/96.0.4664.45 Safari/537.36"
time="2021-12-08 15:03:55" level=info client_ip="::1" data_size=1480 hostname=DESKTOP-VL3JSDS method=GET path=/api/article spend_time="1 ms" status=200 user_agent="Mozilla/5.0 (Windows NT 10.0; Win64; x64) AppleWebKit/537.36 (KHTML, like Gecko) Chrome/96.0.4664.45 Safari/537.36"
time="2021-12-08 15:08:17" level=info client_ip="::1" data_size=1480 hostname=DESKTOP-VL3JSDS method=GET path=/api/article spend_time="3 ms" status=200 user_agent="Mozilla/5.0 (Windows NT 10.0; Win64; x64) AppleWebKit/537.36 (KHTML, like Gecko) Chrome/96.0.4664.45 Safari/537.36"
time="2021-12-08 15:09:01" level=info client_ip="::1" data_size=1480 hostname=DESKTOP-VL3JSDS method=GET path=/api/article spend_time="2 ms" status=200 user_agent="Mozilla/5.0 (Windows NT 10.0; Win64; x64) AppleWebKit/537.36 (KHTML, like Gecko) Chrome/96.0.4664.45 Safari/537.36"
time="2021-12-08 15:09:05" level=info client_ip="::1" data_size=1480 hostname=DESKTOP-VL3JSDS method=GET path=/api/article spend_time="2 ms" status=200 user_agent="Mozilla/5.0 (Windows NT 10.0; Win64; x64) AppleWebKit/537.36 (KHTML, like Gecko) Chrome/96.0.4664.45 Safari/537.36"
time="2021-12-08 15:09:13" level=info client_ip="::1" data_size=1480 hostname=DESKTOP-VL3JSDS method=GET path=/api/article spend_time="2 ms" status=200 user_agent="Mozilla/5.0 (Windows NT 10.0; Win64; x64) AppleWebKit/537.36 (KHTML, like Gecko) Chrome/96.0.4664.45 Safari/537.36"
time="2021-12-08 15:09:27" level=info client_ip="::1" data_size=1480 hostname=DESKTOP-VL3JSDS method=GET path=/api/article spend_time="2 ms" status=200 user_agent="Mozilla/5.0 (Windows NT 10.0; Win64; x64) AppleWebKit/537.36 (KHTML, like Gecko) Chrome/96.0.4664.45 Safari/537.36"
time="2021-12-08 15:10:48" level=info client_ip="::1" data_size=1480 hostname=DESKTOP-VL3JSDS method=GET path=/api/article spend_time="2 ms" status=200 user_agent="Mozilla/5.0 (Windows NT 10.0; Win64; x64) AppleWebKit/537.36 (KHTML, like Gecko) Chrome/96.0.4664.45 Safari/537.36"
time="2021-12-08 15:13:44" level=info client_ip="::1" data_size=1480 hostname=DESKTOP-VL3JSDS method=GET path=/api/article spend_time="2 ms" status=200 user_agent="Mozilla/5.0 (Windows NT 10.0; Win64; x64) AppleWebKit/537.36 (KHTML, like Gecko) Chrome/96.0.4664.45 Safari/537.36"
time="2021-12-08 15:13:57" level=info client_ip="::1" data_size=1480 hostname=DESKTOP-VL3JSDS method=GET path=/api/article spend_time="2 ms" status=200 user_agent="Mozilla/5.0 (Windows NT 10.0; Win64; x64) AppleWebKit/537.36 (KHTML, like Gecko) Chrome/96.0.4664.45 Safari/537.36"
time="2021-12-08 15:15:26" level=info client_ip="::1" data_size=1480 hostname=DESKTOP-VL3JSDS method=GET path=/api/article spend_time="2 ms" status=200 user_agent="Mozilla/5.0 (Windows NT 10.0; Win64; x64) AppleWebKit/537.36 (KHTML, like Gecko) Chrome/96.0.4664.45 Safari/537.36"
time="2021-12-08 15:15:26" level=info client_ip="::1" data_size=1480 hostname=DESKTOP-VL3JSDS method=GET path=/api/article spend_time="13 ms" status=200 user_agent="Mozilla/5.0 (Windows NT 10.0; Win64; x64) AppleWebKit/537.36 (KHTML, like Gecko) Chrome/96.0.4664.45 Safari/537.36"
time="2021-12-08 15:15:26" level=info client_ip="::1" data_size=1480 hostname=DESKTOP-VL3JSDS method=GET path=/api/article spend_time="2 ms" status=200 user_agent="Mozilla/5.0 (Windows NT 10.0; Win64; x64) AppleWebKit/537.36 (KHTML, like Gecko) Chrome/96.0.4664.45 Safari/537.36"
time="2021-12-08 15:15:26" level=info client_ip="::1" data_size=1480 hostname=DESKTOP-VL3JSDS method=GET path=/api/article spend_time="2 ms" status=200 user_agent="Mozilla/5.0 (Windows NT 10.0; Win64; x64) AppleWebKit/537.36 (KHTML, like Gecko) Chrome/96.0.4664.45 Safari/537.36"
time="2021-12-08 15:15:26" level=info client_ip="::1" data_size=1480 hostname=DESKTOP-VL3JSDS method=GET path=/api/article spend_time="2 ms" status=200 user_agent="Mozilla/5.0 (Windows NT 10.0; Win64; x64) AppleWebKit/537.36 (KHTML, like Gecko) Chrome/96.0.4664.45 Safari/537.36"
time="2021-12-08 15:15:27" level=info client_ip="::1" data_size=1480 hostname=DESKTOP-VL3JSDS method=GET path=/api/article spend_time="1 ms" status=200 user_agent="Mozilla/5.0 (Windows NT 10.0; Win64; x64) AppleWebKit/537.36 (KHTML, like Gecko) Chrome/96.0.4664.45 Safari/537.36"
time="2021-12-08 15:15:27" level=info client_ip="::1" data_size=1480 hostname=DESKTOP-VL3JSDS method=GET path=/api/article spend_time="2 ms" status=200 user_agent="Mozilla/5.0 (Windows NT 10.0; Win64; x64) AppleWebKit/537.36 (KHTML, like Gecko) Chrome/96.0.4664.45 Safari/537.36"
time="2021-12-08 15:15:27" level=info client_ip="::1" data_size=1480 hostname=DESKTOP-VL3JSDS method=GET path=/api/article spend_time="2 ms" status=200 user_agent="Mozilla/5.0 (Windows NT 10.0; Win64; x64) AppleWebKit/537.36 (KHTML, like Gecko) Chrome/96.0.4664.45 Safari/537.36"
time="2021-12-08 15:16:30" level=info client_ip="::1" data_size=1480 hostname=DESKTOP-VL3JSDS method=GET path=/api/article spend_time="2 ms" status=200 user_agent="Mozilla/5.0 (Windows NT 10.0; Win64; x64) AppleWebKit/537.36 (KHTML, like Gecko) Chrome/96.0.4664.45 Safari/537.36"
time="2021-12-08 15:16:38" level=info client_ip="::1" data_size=1480 hostname=DESKTOP-VL3JSDS method=GET path=/api/article spend_time="1 ms" status=200 user_agent="Mozilla/5.0 (Windows NT 10.0; Win64; x64) AppleWebKit/537.36 (KHTML, like Gecko) Chrome/96.0.4664.45 Safari/537.36"
time="2021-12-08 15:16:41" level=info client_ip="::1" data_size=1480 hostname=DESKTOP-VL3JSDS method=GET path=/api/article spend_time="2 ms" status=200 user_agent="Mozilla/5.0 (Windows NT 10.0; Win64; x64) AppleWebKit/537.36 (KHTML, like Gecko) Chrome/96.0.4664.45 Safari/537.36"
time="2021-12-08 15:16:58" level=info client_ip="::1" data_size=1480 hostname=DESKTOP-VL3JSDS method=GET path=/api/article spend_time="1 ms" status=200 user_agent="Mozilla/5.0 (Windows NT 10.0; Win64; x64) AppleWebKit/537.36 (KHTML, like Gecko) Chrome/96.0.4664.45 Safari/537.36"
time="2021-12-08 15:28:49" level=info client_ip="::1" data_size=26 hostname=DESKTOP-VL3JSDS method=POST path=/api/upload/image spend_time="13 ms" status=200 user_agent=PostmanRuntime/7.28.4
time="2021-12-08 15:35:18" level=info client_ip="::1" data_size=26 hostname=DESKTOP-VL3JSDS method=POST path=/api/upload/image spend_time="1 ms" status=200 user_agent=PostmanRuntime/7.28.4
time="2021-12-08 15:35:21" level=info client_ip="::1" data_size=26 hostname=DESKTOP-VL3JSDS method=POST path=/api/upload/image spend_time="1 ms" status=200 user_agent=PostmanRuntime/7.28.4
time="2021-12-08 15:35:29" level=info client_ip="::1" data_size=21 hostname=DESKTOP-VL3JSDS method=POST path=/api/upload/image spend_time="1 ms" status=200 user_agent=PostmanRuntime/7.28.4
time="2021-12-08 15:38:30" level=info client_ip="::1" data_size=74 hostname=DESKTOP-VL3JSDS method=POST path=/api/upload/image spend_time="11 ms" status=200 user_agent=PostmanRuntime/7.28.4
time="2021-12-08 15:39:27" level=info client_ip="::1" data_size=74 hostname=DESKTOP-VL3JSDS method=POST path=/api/upload/image spend_time="1 ms" status=200 user_agent=PostmanRuntime/7.28.4
time="2021-12-08 15:39:27" level=info client_ip="::1" data_size=74 hostname=DESKTOP-VL3JSDS method=POST path=/api/upload/image spend_time="1 ms" status=200 user_agent=PostmanRuntime/7.28.4
time="2021-12-08 15:39:38" level=info client_ip="::1" data_size=34 hostname=DESKTOP-VL3JSDS method=POST path=/api/upload/image spend_time="1 ms" status=200 user_agent=PostmanRuntime/7.28.4
time="2021-12-08 15:41:16" level=info client_ip="::1" data_size=74 hostname=DESKTOP-VL3JSDS method=POST path=/api/upload/image spend_time="226 ms" status=200 user_agent=PostmanRuntime/7.28.4
time="2021-12-08 15:42:01" level=info client_ip="::1" data_size=72 hostname=DESKTOP-VL3JSDS method=POST path=/api/upload/image spend_time="197 ms" status=200 user_agent=PostmanRuntime/7.28.4
time="2021-12-08 15:42:05" level=warning client_ip="::1" data_size=-1 hostname=DESKTOP-VL3JSDS method=GET path=/1638949321799523.png spend_time="0 ms" status=404 user_agent="Mozilla/5.0 (Windows NT 10.0; Win64; x64) AppleWebKit/537.36 (KHTML, like Gecko) Chrome/96.0.4664.45 Safari/537.36"
time="2021-12-08 15:42:05" level=warning client_ip="::1" data_size=-1 hostname=DESKTOP-VL3JSDS method=GET path=/favicon.ico spend_time="0 ms" status=404 user_agent="Mozilla/5.0 (Windows NT 10.0; Win64; x64) AppleWebKit/537.36 (KHTML, like Gecko) Chrome/96.0.4664.45 Safari/537.36"
time="2021-12-08 15:42:18" level=warning client_ip="::1" data_size=-1 hostname=DESKTOP-VL3JSDS method=GET path=/20211208/1638949321799523.png spend_time="0 ms" status=404 user_agent="Mozilla/5.0 (Windows NT 10.0; Win64; x64) AppleWebKit/537.36 (KHTML, like Gecko) Chrome/96.0.4664.45 Safari/537.36"
time="2021-12-08 15:42:43" level=warning client_ip="::1" data_size=-1 hostname=DESKTOP-VL3JSDS method=GET path=/public/image20211208/1638949321799523.png spend_time="0 ms" status=404 user_agent="Mozilla/5.0 (Windows NT 10.0; Win64; x64) AppleWebKit/537.36 (KHTML, like Gecko) Chrome/96.0.4664.45 Safari/537.36"
time="2021-12-08 15:42:45" level=warning client_ip="::1" data_size=-1 hostname=DESKTOP-VL3JSDS method=GET path=/public/image20211208/1638949321799523.png spend_time="0 ms" status=404 user_agent="Mozilla/5.0 (Windows NT 10.0; Win64; x64) AppleWebKit/537.36 (KHTML, like Gecko) Chrome/96.0.4664.45 Safari/537.36"
time="2021-12-08 15:44:57" level=info client_ip="::1" data_size=106 hostname=DESKTOP-VL3JSDS method=POST path=/api/upload/image spend_time="1113 ms" status=200 user_agent=PostmanRuntime/7.28.4
time="2021-12-08 15:45:01" level=warning client_ip="::1" data_size=-1 hostname=DESKTOP-VL3JSDS method=GET path=/public/image/20211208/1638949497799523.png spend_time="0 ms" status=404 user_agent="Mozilla/5.0 (Windows NT 10.0; Win64; x64) AppleWebKit/537.36 (KHTML, like Gecko) Chrome/96.0.4664.45 Safari/537.36"
time="2021-12-08 15:50:41" level=warning client_ip="::1" data_size=-1 hostname=DESKTOP-VL3JSDS method=GET path=/public/image20211208/1638949497799523 spend_time="0 ms" status=404 user_agent="Mozilla/5.0 (Windows NT 10.0; Win64; x64) AppleWebKit/537.36 (KHTML, like Gecko) Chrome/96.0.4664.45 Safari/537.36"
time="2021-12-08 15:51:33" level=warning client_ip="::1" data_size=-1 hostname=DESKTOP-VL3JSDS method=GET path=/public/image20211208/1638949497799523 spend_time="0 ms" status=404 user_agent=PostmanRuntime/7.28.4
time="2021-12-08 15:53:09" level=warning client_ip="::1" data_size=-1 hostname=DESKTOP-VL3JSDS method=GET path=/public/image/20211208/1638949497799523 spend_time="0 ms" status=404 user_agent="Mozilla/5.0 (Windows NT 10.0; Win64; x64) AppleWebKit/537.36 (KHTML, like Gecko) Chrome/96.0.4664.45 Safari/537.36"
time="2021-12-08 15:53:12" level=warning client_ip="::1" data_size=-1 hostname=DESKTOP-VL3JSDS method=GET path=/public/image/20211208/1638949497799523 spend_time="0 ms" status=404 user_agent="Mozilla/5.0 (Windows NT 10.0; Win64; x64) AppleWebKit/537.36 (KHTML, like Gecko) Chrome/96.0.4664.45 Safari/537.36"
time="2021-12-08 15:53:27" level=warning client_ip="::1" data_size=-1 hostname=DESKTOP-VL3JSDS method=GET path=/public/image/20211208/1638949497799523.png spend_time="0 ms" status=404 user_agent="Mozilla/5.0 (Windows NT 10.0; Win64; x64) AppleWebKit/537.36 (KHTML, like Gecko) Chrome/96.0.4664.45 Safari/537.36"
time="2021-12-08 15:53:30" level=warning client_ip="::1" data_size=-1 hostname=DESKTOP-VL3JSDS method=GET path=/public/image/20211208/1638949497799523.png spend_time="0 ms" status=404 user_agent="Mozilla/5.0 (Windows NT 10.0; Win64; x64) AppleWebKit/537.36 (KHTML, like Gecko) Chrome/96.0.4664.45 Safari/537.36"
time="2021-12-08 15:53:30" level=warning client_ip="::1" data_size=-1 hostname=DESKTOP-VL3JSDS method=GET path=/public/image/20211208/1638949497799523.png spend_time="0 ms" status=404 user_agent="Mozilla/5.0 (Windows NT 10.0; Win64; x64) AppleWebKit/537.36 (KHTML, like Gecko) Chrome/96.0.4664.45 Safari/537.36"
time="2021-12-08 15:53:31" level=warning client_ip="::1" data_size=-1 hostname=DESKTOP-VL3JSDS method=GET path=/public/image/20211208/1638949497799523.png spend_time="0 ms" status=404 user_agent="Mozilla/5.0 (Windows NT 10.0; Win64; x64) AppleWebKit/537.36 (KHTML, like Gecko) Chrome/96.0.4664.45 Safari/537.36"
time="2021-12-08 15:53:31" level=warning client_ip="::1" data_size=-1 hostname=DESKTOP-VL3JSDS method=GET path=/public/image/20211208/1638949497799523.png spend_time="0 ms" status=404 user_agent="Mozilla/5.0 (Windows NT 10.0; Win64; x64) AppleWebKit/537.36 (KHTML, like Gecko) Chrome/96.0.4664.45 Safari/537.36"
time="2021-12-08 15:53:32" level=warning client_ip="::1" data_size=-1 hostname=DESKTOP-VL3JSDS method=GET path=/public/image/20211208/1638949497799523.png spend_time="0 ms" status=404 user_agent="Mozilla/5.0 (Windows NT 10.0; Win64; x64) AppleWebKit/537.36 (KHTML, like Gecko) Chrome/96.0.4664.45 Safari/537.36"
time="2021-12-08 16:39:08" level=info client_ip="::1" data_size=1480 hostname=DESKTOP-VL3JSDS method=GET path=/api/article spend_time="14 ms" status=200 user_agent="Mozilla/5.0 (Windows NT 10.0; Win64; x64) AppleWebKit/537.36 (KHTML, like Gecko) Chrome/96.0.4664.45 Safari/537.36"
time="2021-12-08 16:43:47" level=info client_ip="::1" data_size=1480 hostname=DESKTOP-VL3JSDS method=GET path=/api/article spend_time="3 ms" status=200 user_agent="Mozilla/5.0 (Windows NT 10.0; Win64; x64) AppleWebKit/537.36 (KHTML, like Gecko) Chrome/96.0.4664.45 Safari/537.36"
time="2021-12-08 16:46:03" level=info client_ip="::1" data_size=1480 hostname=DESKTOP-VL3JSDS method=GET path=/api/article spend_time="13 ms" status=200 user_agent="Mozilla/5.0 (Windows NT 10.0; Win64; x64) AppleWebKit/537.36 (KHTML, like Gecko) Chrome/96.0.4664.45 Safari/537.36"
time="2021-12-08 16:47:38" level=info client_ip="::1" data_size=1480 hostname=DESKTOP-VL3JSDS method=GET path=/api/article spend_time="3 ms" status=200 user_agent="Mozilla/5.0 (Windows NT 10.0; Win64; x64) AppleWebKit/537.36 (KHTML, like Gecko) Chrome/96.0.4664.45 Safari/537.36"
time="2021-12-08 16:49:02" level=info client_ip="::1" data_size=1480 hostname=DESKTOP-VL3JSDS method=GET path=/api/article spend_time="2 ms" status=200 user_agent="Mozilla/5.0 (Windows NT 10.0; Win64; x64) AppleWebKit/537.36 (KHTML, like Gecko) Chrome/96.0.4664.45 Safari/537.36"
time="2021-12-08 16:49:14" level=info client_ip="::1" data_size=1480 hostname=DESKTOP-VL3JSDS method=GET path=/api/article spend_time="2 ms" status=200 user_agent="Mozilla/5.0 (Windows NT 10.0; Win64; x64) AppleWebKit/537.36 (KHTML, like Gecko) Chrome/96.0.4664.45 Safari/537.36"
time="2021-12-08 16:49:24" level=info client_ip="::1" data_size=1480 hostname=DESKTOP-VL3JSDS method=GET path=/api/article spend_time="2 ms" status=200 user_agent="Mozilla/5.0 (Windows NT 10.0; Win64; x64) AppleWebKit/537.36 (KHTML, like Gecko) Chrome/96.0.4664.45 Safari/537.36"
time="2021-12-08 16:49:54" level=info client_ip="::1" data_size=1480 hostname=DESKTOP-VL3JSDS method=GET path=/api/article spend_time="2 ms" status=200 user_agent="Mozilla/5.0 (Windows NT 10.0; Win64; x64) AppleWebKit/537.36 (KHTML, like Gecko) Chrome/96.0.4664.45 Safari/537.36"
time="2021-12-08 16:50:47" level=info client_ip="::1" data_size=1480 hostname=DESKTOP-VL3JSDS method=GET path=/api/article spend_time="2 ms" status=200 user_agent="Mozilla/5.0 (Windows NT 10.0; Win64; x64) AppleWebKit/537.36 (KHTML, like Gecko) Chrome/96.0.4664.45 Safari/537.36"
time="2021-12-08 16:51:20" level=info client_ip="::1" data_size=1480 hostname=DESKTOP-VL3JSDS method=GET path=/api/article spend_time="2 ms" status=200 user_agent="Mozilla/5.0 (Windows NT 10.0; Win64; x64) AppleWebKit/537.36 (KHTML, like Gecko) Chrome/96.0.4664.45 Safari/537.36"
time="2021-12-08 16:52:40" level=info client_ip="::1" data_size=1480 hostname=DESKTOP-VL3JSDS method=GET path=/api/article spend_time="1 ms" status=200 user_agent="Mozilla/5.0 (Windows NT 10.0; Win64; x64) AppleWebKit/537.36 (KHTML, like Gecko) Chrome/96.0.4664.45 Safari/537.36"
time="2021-12-08 16:52:51" level=info client_ip="::1" data_size=1480 hostname=DESKTOP-VL3JSDS method=GET path=/api/article spend_time="1 ms" status=200 user_agent="Mozilla/5.0 (Windows NT 10.0; Win64; x64) AppleWebKit/537.36 (KHTML, like Gecko) Chrome/96.0.4664.45 Safari/537.36"
time="2021-12-08 16:53:09" level=info client_ip="::1" data_size=1480 hostname=DESKTOP-VL3JSDS method=GET path=/api/article spend_time="2 ms" status=200 user_agent="Mozilla/5.0 (Windows NT 10.0; Win64; x64) AppleWebKit/537.36 (KHTML, like Gecko) Chrome/96.0.4664.45 Safari/537.36"
time="2021-12-08 16:53:28" level=info client_ip="::1" data_size=1480 hostname=DESKTOP-VL3JSDS method=GET path=/api/article spend_time="6 ms" status=200 user_agent="Mozilla/5.0 (Windows NT 10.0; Win64; x64) AppleWebKit/537.36 (KHTML, like Gecko) Chrome/96.0.4664.45 Safari/537.36"
time="2021-12-08 16:53:50" level=info client_ip="::1" data_size=1480 hostname=DESKTOP-VL3JSDS method=GET path=/api/article spend_time="2 ms" status=200 user_agent="Mozilla/5.0 (Windows NT 10.0; Win64; x64) AppleWebKit/537.36 (KHTML, like Gecko) Chrome/96.0.4664.45 Safari/537.36"
time="2021-12-08 16:53:57" level=info client_ip="::1" data_size=1480 hostname=DESKTOP-VL3JSDS method=GET path=/api/article spend_time="2 ms" status=200 user_agent="Mozilla/5.0 (Windows NT 10.0; Win64; x64) AppleWebKit/537.36 (KHTML, like Gecko) Chrome/96.0.4664.45 Safari/537.36"
time="2021-12-08 16:54:26" level=info client_ip="::1" data_size=1480 hostname=DESKTOP-VL3JSDS method=GET path=/api/article spend_time="2 ms" status=200 user_agent="Mozilla/5.0 (Windows NT 10.0; Win64; x64) AppleWebKit/537.36 (KHTML, like Gecko) Chrome/96.0.4664.45 Safari/537.36"
time="2021-12-08 16:54:42" level=info client_ip="::1" data_size=1480 hostname=DESKTOP-VL3JSDS method=GET path=/api/article spend_time="2 ms" status=200 user_agent="Mozilla/5.0 (Windows NT 10.0; Win64; x64) AppleWebKit/537.36 (KHTML, like Gecko) Chrome/96.0.4664.45 Safari/537.36"
time="2021-12-08 16:55:07" level=info client_ip="::1" data_size=439 hostname=DESKTOP-VL3JSDS method=GET path=/api/classification/list spend_time="7 ms" status=200 user_agent="Mozilla/5.0 (Windows NT 10.0; Win64; x64) AppleWebKit/537.36 (KHTML, like Gecko) Chrome/96.0.4664.45 Safari/537.36"
time="2021-12-08 16:55:15" level=info client_ip="::1" data_size=1480 hostname=DESKTOP-VL3JSDS method=GET path=/api/article spend_time="2 ms" status=200 user_agent="Mozilla/5.0 (Windows NT 10.0; Win64; x64) AppleWebKit/537.36 (KHTML, like Gecko) Chrome/96.0.4664.45 Safari/537.36"
time="2021-12-08 16:55:15" level=info client_ip="::1" data_size=439 hostname=DESKTOP-VL3JSDS method=GET path=/api/classification/list spend_time="2 ms" status=200 user_agent="Mozilla/5.0 (Windows NT 10.0; Win64; x64) AppleWebKit/537.36 (KHTML, like Gecko) Chrome/96.0.4664.45 Safari/537.36"
time="2021-12-08 16:56:04" level=warning client_ip="::1" data_size=232 hostname=DESKTOP-VL3JSDS method=POST path=/api/article spend_time="15 ms" status=400 user_agent="Mozilla/5.0 (Windows NT 10.0; Win64; x64) AppleWebKit/537.36 (KHTML, like Gecko) Chrome/96.0.4664.45 Safari/537.36"
time="2021-12-08 16:56:41" level=info client_ip="::1" data_size=753 hostname=DESKTOP-VL3JSDS method=POST path=/api/article spend_time="43 ms" status=200 user_agent=PostmanRuntime/7.28.4
time="2021-12-08 16:57:39" level=warning client_ip="::1" data_size=144 hostname=DESKTOP-VL3JSDS method=POST path=/api/article spend_time="1 ms" status=400 user_agent="Mozilla/5.0 (Windows NT 10.0; Win64; x64) AppleWebKit/537.36 (KHTML, like Gecko) Chrome/96.0.4664.45 Safari/537.36"
time="2021-12-08 16:57:49" level=warning client_ip="::1" data_size=144 hostname=DESKTOP-VL3JSDS method=POST path=/api/article spend_time="1 ms" status=400 user_agent="Mozilla/5.0 (Windows NT 10.0; Win64; x64) AppleWebKit/537.36 (KHTML, like Gecko) Chrome/96.0.4664.45 Safari/537.36"
time="2021-12-08 16:58:09" level=info client_ip="::1" data_size=546 hostname=DESKTOP-VL3JSDS method=POST path=/api/article spend_time="17 ms" status=200 user_agent="Mozilla/5.0 (Windows NT 10.0; Win64; x64) AppleWebKit/537.36 (KHTML, like Gecko) Chrome/96.0.4664.45 Safari/537.36"
time="2021-12-08 16:58:24" level=info client_ip="::1" data_size=439 hostname=DESKTOP-VL3JSDS method=GET path=/api/classification/list spend_time="2 ms" status=200 user_agent="Mozilla/5.0 (Windows NT 10.0; Win64; x64) AppleWebKit/537.36 (KHTML, like Gecko) Chrome/96.0.4664.45 Safari/537.36"
time="2021-12-08 16:58:24" level=info client_ip="::1" data_size=2687 hostname=DESKTOP-VL3JSDS method=GET path=/api/article spend_time="34 ms" status=200 user_agent="Mozilla/5.0 (Windows NT 10.0; Win64; x64) AppleWebKit/537.36 (KHTML, like Gecko) Chrome/96.0.4664.45 Safari/537.36"
time="2021-12-08 16:58:50" level=info client_ip="::1" data_size=439 hostname=DESKTOP-VL3JSDS method=GET path=/api/classification/list spend_time="2 ms" status=200 user_agent="Mozilla/5.0 (Windows NT 10.0; Win64; x64) AppleWebKit/537.36 (KHTML, like Gecko) Chrome/96.0.4664.45 Safari/537.36"
time="2021-12-08 16:58:50" level=info client_ip="::1" data_size=2687 hostname=DESKTOP-VL3JSDS method=GET path=/api/article spend_time="5 ms" status=200 user_agent="Mozilla/5.0 (Windows NT 10.0; Win64; x64) AppleWebKit/537.36 (KHTML, like Gecko) Chrome/96.0.4664.45 Safari/537.36"
