time="2021-12-06 16:52:56" level=warning client_ip="::1" data_size=181 hostname=DESKTOP-VL3JSDS method=POST path=/api/auth/login spend_time="0 ms" status=400 user_agent=PostmanRuntime/7.28.4
time="2021-12-06 17:08:31" level=warning client_ip="::1" data_size=181 hostname=DESKTOP-VL3JSDS method=POST path=/api/auth/login spend_time="1 ms" status=400 user_agent=PostmanRuntime/7.28.4
time="2021-12-06 17:08:33" level=warning client_ip="::1" data_size=181 hostname=DESKTOP-VL3JSDS method=POST path=/api/auth/login spend_time="0 ms" status=400 user_agent=PostmanRuntime/7.28.4
time="2021-12-06 17:08:34" level=warning client_ip="::1" data_size=181 hostname=DESKTOP-VL3JSDS method=POST path=/api/auth/login spend_time="1 ms" status=400 user_agent=PostmanRuntime/7.28.4
time="2021-12-06 17:10:23" level=warning client_ip="::1" data_size=181 hostname=DESKTOP-VL3JSDS method=POST path=/api/auth/login spend_time="0 ms" status=400 user_agent=PostmanRuntime/7.28.4
time="2021-12-06 17:10:32" level=warning client_ip="::1" data_size=181 hostname=DESKTOP-VL3JSDS method=POST path=/api/auth/login spend_time="0 ms" status=400 user_agent=PostmanRuntime/7.28.4
time="2021-12-06 17:12:35" level=warning client_ip="::1" data_size=181 hostname=DESKTOP-VL3JSDS method=POST path=/api/auth/login spend_time="0 ms" status=400 user_agent=PostmanRuntime/7.28.4
time="2021-12-06 17:12:38" level=warning client_ip="::1" data_size=181 hostname=DESKTOP-VL3JSDS method=POST path=/api/auth/login spend_time="1 ms" status=400 user_agent=PostmanRuntime/7.28.4
time="2021-12-06 17:15:34" level=warning client_ip="::1" data_size=181 hostname=DESKTOP-VL3JSDS method=POST path=/api/auth/login spend_time="1 ms" status=400 user_agent=PostmanRuntime/7.28.4
time="2021-12-06 17:15:54" level=warning client_ip="::1" data_size=260 hostname=DESKTOP-VL3JSDS method=POST path=/api/auth/register spend_time="0 ms" status=400 user_agent=PostmanRuntime/7.28.4
time="2021-12-06 17:16:53" level=warning client_ip="::1" data_size=128 hostname=DESKTOP-VL3JSDS method=POST path=/api/auth/register spend_time="1 ms" status=400 user_agent=PostmanRuntime/7.28.4
time="2021-12-06 17:17:09" level=warning client_ip="::1" data_size=128 hostname=DESKTOP-VL3JSDS method=POST path=/api/auth/register spend_time="1 ms" status=400 user_agent=PostmanRuntime/7.28.4
time="2021-12-06 18:43:21" level=warning client_ip="::1" data_size=128 hostname=DESKTOP-VL3JSDS method=POST path=/api/auth/register spend_time="1 ms" status=400 user_agent=PostmanRuntime/7.28.4
time="2021-12-06 18:44:18" level=warning client_ip="::1" data_size=128 hostname=DESKTOP-VL3JSDS method=POST path=/api/auth/register spend_time="1 ms" status=400 user_agent=PostmanRuntime/7.28.4
time="2021-12-06 18:44:23" level=warning client_ip="::1" data_size=128 hostname=DESKTOP-VL3JSDS method=POST path=/api/auth/register spend_time="2 ms" status=400 user_agent=PostmanRuntime/7.28.4
time="2021-12-06 18:45:02" level=warning client_ip="::1" data_size=137 hostname=DESKTOP-VL3JSDS method=POST path=/api/auth/register spend_time="1 ms" status=400 user_agent=PostmanRuntime/7.28.4
time="2021-12-06 18:45:08" level=info client_ip="::1" data_size=458 hostname=DESKTOP-VL3JSDS method=POST path=/api/auth/register spend_time="33 ms" status=200 user_agent=PostmanRuntime/7.28.4
time="2021-12-06 18:46:04" level=warning client_ip="::1" data_size=181 hostname=DESKTOP-VL3JSDS method=POST path=/api/auth/login spend_time="1 ms" status=400 user_agent=PostmanRuntime/7.28.4
time="2021-12-06 18:48:14" level=warning client_ip="::1" data_size=181 hostname=DESKTOP-VL3JSDS method=POST path=/api/auth/login spend_time="1 ms" status=400 user_agent=PostmanRuntime/7.28.4
time="2021-12-06 18:48:42" level=warning client_ip="::1" data_size=181 hostname=DESKTOP-VL3JSDS method=POST path=/api/auth/login spend_time="1 ms" status=400 user_agent=PostmanRuntime/7.28.4
time="2021-12-06 18:48:55" level=warning client_ip="::1" data_size=181 hostname=DESKTOP-VL3JSDS method=POST path=/api/auth/login spend_time="1 ms" status=400 user_agent=PostmanRuntime/7.28.4
time="2021-12-06 18:50:03" level=warning client_ip="::1" data_size=181 hostname=DESKTOP-VL3JSDS method=POST path=/api/auth/login spend_time="1 ms" status=400 user_agent=PostmanRuntime/7.28.4
time="2021-12-06 18:50:04" level=warning client_ip="::1" data_size=181 hostname=DESKTOP-VL3JSDS method=POST path=/api/auth/login spend_time="1 ms" status=400 user_agent=PostmanRuntime/7.28.4
time="2021-12-06 19:06:05" level=warning client_ip="::1" data_size=181 hostname=DESKTOP-VL3JSDS method=POST path=/api/auth/login spend_time="0 ms" status=400 user_agent=PostmanRuntime/7.28.4
time="2021-12-06 19:06:07" level=warning client_ip="::1" data_size=181 hostname=DESKTOP-VL3JSDS method=POST path=/api/auth/login spend_time="1 ms" status=400 user_agent=PostmanRuntime/7.28.4
time="2021-12-06 19:06:07" level=warning client_ip="::1" data_size=181 hostname=DESKTOP-VL3JSDS method=POST path=/api/auth/login spend_time="0 ms" status=400 user_agent=PostmanRuntime/7.28.4
time="2021-12-06 19:06:08" level=warning client_ip="::1" data_size=181 hostname=DESKTOP-VL3JSDS method=POST path=/api/auth/login spend_time="1 ms" status=400 user_agent=PostmanRuntime/7.28.4
time="2021-12-06 19:06:09" level=warning client_ip="::1" data_size=181 hostname=DESKTOP-VL3JSDS method=POST path=/api/auth/login spend_time="1 ms" status=400 user_agent=PostmanRuntime/7.28.4
time="2021-12-06 19:06:38" level=warning client_ip="::1" data_size=181 hostname=DESKTOP-VL3JSDS method=POST path=/api/auth/login spend_time="0 ms" status=400 user_agent=PostmanRuntime/7.28.4
time="2021-12-06 19:06:38" level=warning client_ip="::1" data_size=181 hostname=DESKTOP-VL3JSDS method=POST path=/api/auth/login spend_time="1 ms" status=400 user_agent=PostmanRuntime/7.28.4
time="2021-12-06 19:06:40" level=warning client_ip="::1" data_size=181 hostname=DESKTOP-VL3JSDS method=POST path=/api/auth/login spend_time="1 ms" status=400 user_agent=PostmanRuntime/7.28.4
time="2021-12-06 19:06:40" level=warning client_ip="::1" data_size=181 hostname=DESKTOP-VL3JSDS method=POST path=/api/auth/login spend_time="1 ms" status=400 user_agent=PostmanRuntime/7.28.4
time="2021-12-06 19:06:41" level=warning client_ip="::1" data_size=181 hostname=DESKTOP-VL3JSDS method=POST path=/api/auth/login spend_time="2 ms" status=400 user_agent=PostmanRuntime/7.28.4
time="2021-12-06 19:06:43" level=warning client_ip="::1" data_size=181 hostname=DESKTOP-VL3JSDS method=POST path=/api/auth/login spend_time="1 ms" status=400 user_agent=PostmanRuntime/7.28.4
time="2021-12-06 19:06:43" level=warning client_ip="::1" data_size=181 hostname=DESKTOP-VL3JSDS method=POST path=/api/auth/login spend_time="1 ms" status=400 user_agent=PostmanRuntime/7.28.4
time="2021-12-06 19:07:25" level=warning client_ip="::1" data_size=181 hostname=DESKTOP-VL3JSDS method=POST path=/api/auth/login spend_time="1 ms" status=400 user_agent=PostmanRuntime/7.28.4
time="2021-12-06 19:08:46" level=info client_ip="::1" data_size=459 hostname=DESKTOP-VL3JSDS method=POST path=/api/auth/register spend_time="29 ms" status=200 user_agent=PostmanRuntime/7.28.4
time="2021-12-06 19:09:02" level=warning client_ip="::1" data_size=181 hostname=DESKTOP-VL3JSDS method=POST path=/api/auth/login spend_time="1 ms" status=400 user_agent=PostmanRuntime/7.28.4
time="2021-12-06 19:09:35" level=warning client_ip="::1" data_size=181 hostname=DESKTOP-VL3JSDS method=POST path=/api/auth/login spend_time="10 ms" status=400 user_agent=PostmanRuntime/7.28.4
time="2021-12-06 19:09:51" level=warning client_ip="::1" data_size=181 hostname=DESKTOP-VL3JSDS method=POST path=/api/auth/login spend_time="1 ms" status=400 user_agent=PostmanRuntime/7.28.4
time="2021-12-06 19:31:35" level=warning client_ip="::1" data_size=68 hostname=DESKTOP-VL3JSDS method=POST path=/api/auth/register spend_time="7 ms" status=400 user_agent=PostmanRuntime/7.28.4
time="2021-12-06 19:31:49" level=info client_ip="::1" data_size=460 hostname=DESKTOP-VL3JSDS method=POST path=/api/auth/register spend_time="29 ms" status=200 user_agent=PostmanRuntime/7.28.4
time="2021-12-06 19:36:23" level=info client_ip="::1" data_size=315 hostname=DESKTOP-VL3JSDS method=POST path=/api/auth/login spend_time="3 ms" status=200 user_agent=PostmanRuntime/7.28.4
time="2021-12-06 19:37:13" level=info client_ip="::1" data_size=315 hostname=DESKTOP-VL3JSDS method=POST path=/api/auth/login spend_time="2 ms" status=200 user_agent=PostmanRuntime/7.28.4
time="2021-12-06 19:37:44" level=info client_ip="::1" data_size=315 hostname=DESKTOP-VL3JSDS method=POST path=/api/auth/login spend_time="33 ms" status=200 user_agent=PostmanRuntime/7.28.4
time="2021-12-06 20:50:09" level=info client_ip="::1" data_size=450 hostname=DESKTOP-4BR14E7 method=POST path=/api/auth/login spend_time="14 ms" status=200 user_agent=PostmanRuntime/7.28.4
time="2021-12-06 20:52:44" level=warning client_ip="::1" data_size=74 hostname=DESKTOP-4BR14E7 method=POST path=/api/auth/login spend_time="2 ms" status=401 user_agent=PostmanRuntime/7.28.4
time="2021-12-06 20:54:10" level=warning client_ip="::1" data_size=74 hostname=DESKTOP-4BR14E7 method=POST path=/api/auth/login spend_time="13 ms" status=401 user_agent=PostmanRuntime/7.28.4
time="2021-12-06 20:54:11" level=warning client_ip="::1" data_size=74 hostname=DESKTOP-4BR14E7 method=POST path=/api/auth/login spend_time="3 ms" status=401 user_agent=PostmanRuntime/7.28.4
time="2021-12-06 20:54:13" level=info client_ip="::1" data_size=450 hostname=DESKTOP-4BR14E7 method=POST path=/api/auth/login spend_time="3 ms" status=200 user_agent=PostmanRuntime/7.28.4
time="2021-12-06 20:54:20" level=warning client_ip="::1" data_size=74 hostname=DESKTOP-4BR14E7 method=POST path=/api/auth/login spend_time="3 ms" status=401 user_agent=PostmanRuntime/7.28.4
time="2021-12-06 21:11:25" level=warning client_ip="::1" data_size=74 hostname=DESKTOP-4BR14E7 method=POST path=/api/auth/login spend_time="14 ms" status=401 user_agent=PostmanRuntime/7.28.4
time="2021-12-06 21:11:28" level=info client_ip="::1" data_size=450 hostname=DESKTOP-4BR14E7 method=POST path=/api/auth/login spend_time="4 ms" status=200 user_agent=PostmanRuntime/7.28.4
time="2021-12-06 21:36:48" level=info client_ip="::1" data_size=450 hostname=DESKTOP-4BR14E7 method=POST path=/api/auth/login spend_time="4 ms" status=200 user_agent=PostmanRuntime/7.28.4
time="2021-12-06 21:37:07" level=warning client_ip="::1" data_size=68 hostname=DESKTOP-4BR14E7 method=POST path=/api/auth/register spend_time="1 ms" status=400 user_agent=PostmanRuntime/7.28.4
time="2021-12-06 21:52:54" level=info client_ip="::1" data_size=450 hostname=DESKTOP-4BR14E7 method=POST path=/api/auth/login spend_time="3 ms" status=200 user_agent=PostmanRuntime/7.28.4
time="2021-12-06 22:00:17" level=info client_ip="::1" data_size=450 hostname=DESKTOP-4BR14E7 method=POST path=/api/auth/login spend_time="4 ms" status=200 user_agent=PostmanRuntime/7.28.4
time="2021-12-06 22:01:45" level=info client_ip="::1" data_size=310 hostname=DESKTOP-4BR14E7 method=GET path=/api/user/ spend_time="12 ms" status=200 user_agent=PostmanRuntime/7.28.4
time="2021-12-06 22:01:53" level=info client_ip="::1" data_size=310 hostname=DESKTOP-4BR14E7 method=GET path=/api/user/ spend_time="1 ms" status=200 user_agent=PostmanRuntime/7.28.4
time="2021-12-06 22:08:58" level=info client_ip="::1" data_size=57 hostname=DESKTOP-4BR14E7 method=GET path=/api/user/ spend_time="1 ms" status=200 user_agent=PostmanRuntime/7.28.4
time="2021-12-06 22:13:40" level=warning client_ip="::1" data_size=137 hostname=DESKTOP-4BR14E7 method=POST path=/api/auth/register spend_time="1 ms" status=400 user_agent=PostmanRuntime/7.28.4
time="2021-12-06 22:13:44" level=info client_ip="::1" data_size=456 hostname=DESKTOP-4BR14E7 method=POST path=/api/auth/register spend_time="34 ms" status=200 user_agent=PostmanRuntime/7.28.4
time="2021-12-06 22:13:53" level=info client_ip="::1" data_size=460 hostname=DESKTOP-4BR14E7 method=POST path=/api/auth/register spend_time="61 ms" status=200 user_agent=PostmanRuntime/7.28.4
time="2021-12-06 22:13:54" level=warning client_ip="::1" data_size=68 hostname=DESKTOP-4BR14E7 method=POST path=/api/auth/register spend_time="1 ms" status=400 user_agent=PostmanRuntime/7.28.4
time="2021-12-06 22:14:01" level=info client_ip="::1" data_size=568 hostname=DESKTOP-4BR14E7 method=GET path=/api/user/ spend_time="1 ms" status=200 user_agent=PostmanRuntime/7.28.4
time="2021-12-06 22:24:05" level=info client_ip="::1" data_size=568 hostname=DESKTOP-4BR14E7 method=GET path=/api/user/ spend_time="1 ms" status=200 user_agent=PostmanRuntime/7.28.4
time="2021-12-06 22:24:16" level=info client_ip="::1" data_size=822 hostname=DESKTOP-4BR14E7 method=GET path=/api/user/ spend_time="0 ms" status=200 user_agent=PostmanRuntime/7.28.4
time="2021-12-06 22:24:51" level=info client_ip="::1" data_size=568 hostname=DESKTOP-4BR14E7 method=GET path=/api/user/ spend_time="1 ms" status=200 user_agent=PostmanRuntime/7.28.4
time="2021-12-06 22:24:59" level=info client_ip="::1" data_size=57 hostname=DESKTOP-4BR14E7 method=GET path=/api/user/ spend_time="1 ms" status=200 user_agent=PostmanRuntime/7.28.4
time="2021-12-06 22:25:01" level=info client_ip="::1" data_size=57 hostname=DESKTOP-4BR14E7 method=GET path=/api/user/ spend_time="1 ms" status=200 user_agent=PostmanRuntime/7.28.4
time="2021-12-06 22:25:06" level=info client_ip="::1" data_size=568 hostname=DESKTOP-4BR14E7 method=GET path=/api/user/ spend_time="0 ms" status=200 user_agent=PostmanRuntime/7.28.4
time="2021-12-06 22:26:36" level=info client_ip="::1" data_size=822 hostname=DESKTOP-4BR14E7 method=GET path=/api/user/ spend_time="11 ms" status=200 user_agent=PostmanRuntime/7.28.4
time="2021-12-06 22:26:42" level=info client_ip="::1" data_size=310 hostname=DESKTOP-4BR14E7 method=GET path=/api/user/ spend_time="1 ms" status=200 user_agent=PostmanRuntime/7.28.4
time="2021-12-06 22:26:46" level=info client_ip="::1" data_size=822 hostname=DESKTOP-4BR14E7 method=GET path=/api/user/ spend_time="1 ms" status=200 user_agent=PostmanRuntime/7.28.4
time="2021-12-06 22:34:40" level=info client_ip="::1" data_size=822 hostname=DESKTOP-4BR14E7 method=GET path=/api/user/ spend_time="1 ms" status=200 user_agent=PostmanRuntime/7.28.4
time="2021-12-06 22:44:40" level=info client_ip="::1" data_size=822 hostname=DESKTOP-4BR14E7 method=GET path=/api/user/ spend_time="1 ms" status=200 user_agent=PostmanRuntime/7.28.4
time="2021-12-06 22:46:16" level=info client_ip="::1" data_size=822 hostname=DESKTOP-4BR14E7 method=GET path=/api/user/ spend_time="0 ms" status=200 user_agent=PostmanRuntime/7.28.4
time="2021-12-06 22:47:12" level=info client_ip="::1" data_size=822 hostname=DESKTOP-4BR14E7 method=GET path=/api/user/ spend_time="1 ms" status=200 user_agent=PostmanRuntime/7.28.4
time="2021-12-06 22:47:25" level=warning client_ip="::1" data_size=68 hostname=DESKTOP-4BR14E7 method=POST path=/api/auth/register spend_time="2 ms" status=400 user_agent=PostmanRuntime/7.28.4
time="2021-12-06 22:52:51" level=warning client_ip="::1" data_size=118 hostname=DESKTOP-4BR14E7 method=DELETE path=/api/user/2 spend_time="0 ms" status=400 user_agent=PostmanRuntime/7.28.4
time="2021-12-06 22:54:48" level=info client_ip="::1" data_size=216 hostname=DESKTOP-4BR14E7 method=DELETE path=/api/user/2 spend_time="81 ms" status=200 user_agent=PostmanRuntime/7.28.4
time="2021-12-06 22:55:15" level=info client_ip="::1" data_size=566 hostname=DESKTOP-4BR14E7 method=GET path=/api/user/ spend_time="1 ms" status=200 user_agent=PostmanRuntime/7.28.4
time="2021-12-06 22:57:17" level=info client_ip="::1" data_size=216 hostname=DESKTOP-4BR14E7 method=DELETE path=/api/user/1 spend_time="70 ms" status=200 user_agent=PostmanRuntime/7.28.4
time="2021-12-06 22:57:21" level=info client_ip="::1" data_size=312 hostname=DESKTOP-4BR14E7 method=GET path=/api/user/ spend_time="1 ms" status=200 user_agent=PostmanRuntime/7.28.4
time="2021-12-06 22:57:25" level=warning client_ip="::1" data_size=68 hostname=DESKTOP-4BR14E7 method=POST path=/api/auth/register spend_time="3 ms" status=400 user_agent=PostmanRuntime/7.28.4
time="2021-12-06 22:57:30" level=info client_ip="::1" data_size=458 hostname=DESKTOP-4BR14E7 method=POST path=/api/auth/register spend_time="31 ms" status=200 user_agent=PostmanRuntime/7.28.4
time="2021-12-06 23:03:01" level=warning client_ip="::1" data_size=-1 hostname=DESKTOP-4BR14E7 method=PUT path=/api/user spend_time="0 ms" status=404 user_agent=PostmanRuntime/7.28.4
time="2021-12-06 23:03:17" level=info client_ip="::1" data_size=566 hostname=DESKTOP-4BR14E7 method=GET path=/api/user/ spend_time="1 ms" status=200 user_agent=PostmanRuntime/7.28.4
time="2021-12-06 23:03:21" level=warning client_ip="::1" data_size=-1 hostname=DESKTOP-4BR14E7 method=PUT path="/api/user:4" spend_time="0 ms" status=404 user_agent=PostmanRuntime/7.28.4
time="2021-12-06 23:03:22" level=warning client_ip="::1" data_size=-1 hostname=DESKTOP-4BR14E7 method=PUT path="/api/user:4" spend_time="0 ms" status=404 user_agent=PostmanRuntime/7.28.4
time="2021-12-06 23:03:27" level=warning client_ip="::1" data_size=118 hostname=DESKTOP-4BR14E7 method=PUT path="/api/user/:4" spend_time="0 ms" status=400 user_agent=PostmanRuntime/7.28.4
time="2021-12-06 23:03:53" level=info client_ip="::1" data_size=234 hostname=DESKTOP-4BR14E7 method=PUT path="/api/user/:4" spend_time="10 ms" status=200 user_agent=PostmanRuntime/7.28.4
time="2021-12-06 23:03:58" level=info client_ip="::1" data_size=738 hostname=DESKTOP-4BR14E7 method=GET path=/api/user/ spend_time="1 ms" status=200 user_agent=PostmanRuntime/7.28.4
time="2021-12-06 23:09:46" level=warning client_ip="::1" data_size=106 hostname=DESKTOP-4BR14E7 method=PUT path="/api/user/:4" spend_time="0 ms" status=400 user_agent=PostmanRuntime/7.28.4
time="2021-12-06 23:09:52" level=warning client_ip="::1" data_size=106 hostname=DESKTOP-4BR14E7 method=PUT path="/api/user/:4" spend_time="0 ms" status=400 user_agent=PostmanRuntime/7.28.4
time="2021-12-06 23:10:03" level=info client_ip="::1" data_size=234 hostname=DESKTOP-4BR14E7 method=PUT path=/api/user/4 spend_time="15 ms" status=200 user_agent=PostmanRuntime/7.28.4
time="2021-12-06 23:10:09" level=info client_ip="::1" data_size=738 hostname=DESKTOP-4BR14E7 method=GET path=/api/user/ spend_time="1 ms" status=200 user_agent=PostmanRuntime/7.28.4
time="2021-12-06 23:15:28" level=info client_ip="::1" data_size=234 hostname=DESKTOP-4BR14E7 method=PUT path=/api/user/4 spend_time="54 ms" status=200 user_agent=PostmanRuntime/7.28.4
time="2021-12-06 23:15:30" level=info client_ip="::1" data_size=234 hostname=DESKTOP-4BR14E7 method=PUT path=/api/user/4 spend_time="15 ms" status=200 user_agent=PostmanRuntime/7.28.4
time="2021-12-06 23:15:30" level=info client_ip="::1" data_size=234 hostname=DESKTOP-4BR14E7 method=PUT path=/api/user/4 spend_time="15 ms" status=200 user_agent=PostmanRuntime/7.28.4
time="2021-12-06 23:16:10" level=info client_ip="::1" data_size=307 hostname=DESKTOP-4BR14E7 method=PUT path=/api/user/4 spend_time="77 ms" status=200 user_agent=PostmanRuntime/7.28.4
time="2021-12-06 23:16:23" level=info client_ip="::1" data_size=306 hostname=DESKTOP-4BR14E7 method=PUT path=/api/user/4 spend_time="9 ms" status=200 user_agent=PostmanRuntime/7.28.4
time="2021-12-06 23:16:27" level=info client_ip="::1" data_size=983 hostname=DESKTOP-4BR14E7 method=GET path=/api/user/ spend_time="1 ms" status=200 user_agent=PostmanRuntime/7.28.4
time="2021-12-06 23:17:36" level=info client_ip="::1" data_size=306 hostname=DESKTOP-4BR14E7 method=PUT path=/api/user/4 spend_time="112 ms" status=200 user_agent=PostmanRuntime/7.28.4
time="2021-12-06 23:17:41" level=info client_ip="::1" data_size=983 hostname=DESKTOP-4BR14E7 method=GET path=/api/user/ spend_time="1 ms" status=200 user_agent=PostmanRuntime/7.28.4
time="2021-12-06 23:17:50" level=info client_ip="::1" data_size=983 hostname=DESKTOP-4BR14E7 method=GET path=/api/user/ spend_time="1 ms" status=200 user_agent=PostmanRuntime/7.28.4
time="2021-12-06 23:17:58" level=info client_ip="::1" data_size=306 hostname=DESKTOP-4BR14E7 method=PUT path=/api/user/4 spend_time="44 ms" status=200 user_agent=PostmanRuntime/7.28.4
time="2021-12-06 23:17:58" level=info client_ip="::1" data_size=306 hostname=DESKTOP-4BR14E7 method=PUT path=/api/user/4 spend_time="7 ms" status=200 user_agent=PostmanRuntime/7.28.4
time="2021-12-06 23:18:00" level=info client_ip="::1" data_size=306 hostname=DESKTOP-4BR14E7 method=PUT path=/api/user/4 spend_time="6 ms" status=200 user_agent=PostmanRuntime/7.28.4
time="2021-12-06 23:18:01" level=info client_ip="::1" data_size=306 hostname=DESKTOP-4BR14E7 method=PUT path=/api/user/4 spend_time="8 ms" status=200 user_agent=PostmanRuntime/7.28.4
time="2021-12-06 23:18:01" level=info client_ip="::1" data_size=306 hostname=DESKTOP-4BR14E7 method=PUT path=/api/user/4 spend_time="8 ms" status=200 user_agent=PostmanRuntime/7.28.4
time="2021-12-06 23:18:02" level=info client_ip="::1" data_size=306 hostname=DESKTOP-4BR14E7 method=PUT path=/api/user/4 spend_time="10 ms" status=200 user_agent=PostmanRuntime/7.28.4
time="2021-12-06 23:18:07" level=info client_ip="::1" data_size=983 hostname=DESKTOP-4BR14E7 method=GET path=/api/user/ spend_time="0 ms" status=200 user_agent=PostmanRuntime/7.28.4
time="2021-12-06 23:18:25" level=info client_ip="::1" data_size=307 hostname=DESKTOP-4BR14E7 method=PUT path=/api/user/4 spend_time="36 ms" status=200 user_agent=PostmanRuntime/7.28.4
time="2021-12-06 23:19:41" level=info client_ip="::1" data_size=288 hostname=DESKTOP-4BR14E7 method=PUT path=/api/user/4 spend_time="2 ms" status=200 user_agent=PostmanRuntime/7.28.4
time="2021-12-06 23:19:45" level=info client_ip="::1" data_size=811 hostname=DESKTOP-4BR14E7 method=GET path=/api/user/ spend_time="2 ms" status=200 user_agent=PostmanRuntime/7.28.4
time="2021-12-06 23:20:31" level=info client_ip="::1" data_size=296 hostname=DESKTOP-4BR14E7 method=PUT path=/api/user/3 spend_time="2 ms" status=200 user_agent=PostmanRuntime/7.28.4
time="2021-12-06 23:20:35" level=info client_ip="::1" data_size=811 hostname=DESKTOP-4BR14E7 method=GET path=/api/user/ spend_time="1 ms" status=200 user_agent=PostmanRuntime/7.28.4
time="2021-12-06 23:20:55" level=info client_ip="::1" data_size=302 hostname=DESKTOP-4BR14E7 method=PUT path=/api/user/4 spend_time="2 ms" status=200 user_agent=PostmanRuntime/7.28.4
time="2021-12-06 23:21:09" level=info client_ip="::1" data_size=566 hostname=DESKTOP-4BR14E7 method=GET path=/api/user/ spend_time="1 ms" status=200 user_agent=PostmanRuntime/7.28.4
time="2021-12-06 23:22:37" level=info client_ip="::1" data_size=302 hostname=DESKTOP-4BR14E7 method=PUT path=/api/user/4 spend_time="2 ms" status=200 user_agent=PostmanRuntime/7.28.4
time="2021-12-06 23:22:40" level=info client_ip="::1" data_size=566 hostname=DESKTOP-4BR14E7 method=GET path=/api/user/ spend_time="1 ms" status=200 user_agent=PostmanRuntime/7.28.4
time="2021-12-06 23:24:19" level=info client_ip="::1" data_size=321 hostname=DESKTOP-4BR14E7 method=PUT path=/api/user/4 spend_time="46 ms" status=200 user_agent=PostmanRuntime/7.28.4
time="2021-12-06 23:24:23" level=info client_ip="::1" data_size=825 hostname=DESKTOP-4BR14E7 method=GET path=/api/user/ spend_time="1 ms" status=200 user_agent=PostmanRuntime/7.28.4
