time="2021-12-07 10:34:11" level=info client_ip="::1" data_size=452 hostname=DESKTOP-VL3JSDS method=POST path=/api/auth/login spend_time="16 ms" status=200 user_agent=PostmanRuntime/7.28.4
time="2021-12-07 10:34:31" level=info client_ip="::1" data_size=460 hostname=DESKTOP-VL3JSDS method=POST path=/api/auth/register spend_time="16 ms" status=200 user_agent=PostmanRuntime/7.28.4
time="2021-12-07 10:34:58" level=info client_ip="::1" data_size=1077 hostname=DESKTOP-VL3JSDS method=GET path=/api/user/ spend_time="0 ms" status=200 user_agent=PostmanRuntime/7.28.4
time="2021-12-07 10:46:11" level=info client_ip="::1" data_size=1077 hostname=DESKTOP-VL3JSDS method=GET path=/api/user/ spend_time="1 ms" status=200 user_agent=PostmanRuntime/7.28.4
time="2021-12-07 10:51:36" level=info client_ip="::1" data_size=458 hostname=DESKTOP-VL3JSDS method=POST path=/api/auth/register spend_time="25 ms" status=200 user_agent=PostmanRuntime/7.28.4
time="2021-12-07 10:51:58" level=warning client_ip="::1" data_size=118 hostname=DESKTOP-VL3JSDS method=PUT path=/api/user spend_time="1 ms" status=400 user_agent=PostmanRuntime/7.28.4
time="2021-12-07 10:52:54" level=info client_ip="::1" data_size=248 hostname=DESKTOP-VL3JSDS method=PUT path=/api/user spend_time="10 ms" status=200 user_agent=PostmanRuntime/7.28.4
time="2021-12-07 10:59:13" level=info client_ip="::1" data_size=239 hostname=DESKTOP-VL3JSDS method=PUT path=/api/user spend_time="17 ms" status=200 user_agent=PostmanRuntime/7.28.4
time="2021-12-07 10:59:29" level=info client_ip="::1" data_size=232 hostname=DESKTOP-VL3JSDS method=PUT path=/api/user spend_time="2 ms" status=200 user_agent=PostmanRuntime/7.28.4
time="2021-12-07 10:59:30" level=info client_ip="::1" data_size=232 hostname=DESKTOP-VL3JSDS method=PUT path=/api/user spend_time="2 ms" status=200 user_agent=PostmanRuntime/7.28.4
time="2021-12-07 11:00:55" level=info client_ip="::1" data_size=223 hostname=DESKTOP-VL3JSDS method=PUT path=/api/user spend_time="16 ms" status=200 user_agent=PostmanRuntime/7.28.4
time="2021-12-07 11:02:13" level=info client_ip="::1" data_size=216 hostname=DESKTOP-VL3JSDS method=PUT path=/api/user spend_time="17 ms" status=200 user_agent=PostmanRuntime/7.28.4
time="2021-12-07 11:02:14" level=info client_ip="::1" data_size=216 hostname=DESKTOP-VL3JSDS method=PUT path=/api/user spend_time="2 ms" status=200 user_agent=PostmanRuntime/7.28.4
time="2021-12-07 11:02:14" level=info client_ip="::1" data_size=216 hostname=DESKTOP-VL3JSDS method=PUT path=/api/user spend_time="2 ms" status=200 user_agent=PostmanRuntime/7.28.4
time="2021-12-07 11:02:21" level=info client_ip="::1" data_size=216 hostname=DESKTOP-VL3JSDS method=PUT path=/api/user spend_time="2 ms" status=200 user_agent=PostmanRuntime/7.28.4
time="2021-12-07 11:02:21" level=info client_ip="::1" data_size=216 hostname=DESKTOP-VL3JSDS method=PUT path=/api/user spend_time="1 ms" status=200 user_agent=PostmanRuntime/7.28.4
time="2021-12-07 11:02:22" level=info client_ip="::1" data_size=216 hostname=DESKTOP-VL3JSDS method=PUT path=/api/user spend_time="0 ms" status=200 user_agent=PostmanRuntime/7.28.4
time="2021-12-07 11:02:22" level=info client_ip="::1" data_size=216 hostname=DESKTOP-VL3JSDS method=PUT path=/api/user spend_time="1 ms" status=200 user_agent=PostmanRuntime/7.28.4
time="2021-12-07 11:02:23" level=info client_ip="::1" data_size=216 hostname=DESKTOP-VL3JSDS method=PUT path=/api/user spend_time="1 ms" status=200 user_agent=PostmanRuntime/7.28.4
time="2021-12-07 11:03:19" level=warning client_ip="::1" data_size=74 hostname=DESKTOP-VL3JSDS method=GET path=/api/user/ spend_time="1 ms" status=400 user_agent=PostmanRuntime/7.28.4
time="2021-12-07 11:03:24" level=warning client_ip="::1" data_size=74 hostname=DESKTOP-VL3JSDS method=POST path=/api/auth/login spend_time="8 ms" status=401 user_agent=PostmanRuntime/7.28.4
time="2021-12-07 11:03:35" level=info client_ip="::1" data_size=450 hostname=DESKTOP-VL3JSDS method=POST path=/api/auth/login spend_time="3 ms" status=200 user_agent=PostmanRuntime/7.28.4
time="2021-12-07 11:03:53" level=warning client_ip="::1" data_size=106 hostname=DESKTOP-VL3JSDS method=GET path=/api/user/ spend_time="0 ms" status=401 user_agent=PostmanRuntime/7.28.4
time="2021-12-07 11:04:19" level=warning client_ip="::1" data_size=106 hostname=DESKTOP-VL3JSDS method=GET path=/api/user/ spend_time="0 ms" status=401 user_agent=PostmanRuntime/7.28.4
time="2021-12-07 11:04:23" level=warning client_ip="::1" data_size=106 hostname=DESKTOP-VL3JSDS method=GET path=/api/user/ spend_time="0 ms" status=401 user_agent=PostmanRuntime/7.28.4
time="2021-12-07 11:04:55" level=info client_ip="::1" data_size=450 hostname=DESKTOP-VL3JSDS method=POST path=/api/auth/login spend_time="3 ms" status=200 user_agent=PostmanRuntime/7.28.4
time="2021-12-07 11:05:07" level=warning client_ip="::1" data_size=106 hostname=DESKTOP-VL3JSDS method=GET path=/api/user/ spend_time="0 ms" status=401 user_agent=PostmanRuntime/7.28.4
time="2021-12-07 11:05:53" level=warning client_ip="::1" data_size=106 hostname=DESKTOP-VL3JSDS method=GET path=/api/user/ spend_time="12 ms" status=401 user_agent=PostmanRuntime/7.28.4
time="2021-12-07 11:06:00" level=warning client_ip="::1" data_size=106 hostname=DESKTOP-VL3JSDS method=GET path=/api/user/ spend_time="2 ms" status=401 user_agent=PostmanRuntime/7.28.4
time="2021-12-07 11:06:34" level=warning client_ip="::1" data_size=82 hostname=DESKTOP-VL3JSDS method=GET path=/api/user/ spend_time="1 ms" status=401 user_agent=PostmanRuntime/7.28.4
time="2021-12-07 11:08:16" level=info client_ip="::1" data_size=450 hostname=DESKTOP-VL3JSDS method=POST path=/api/auth/login spend_time="4 ms" status=200 user_agent=PostmanRuntime/7.28.4
time="2021-12-07 11:09:36" level=info client_ip="::1" data_size=480 hostname=DESKTOP-VL3JSDS method=POST path=/api/auth/login spend_time="13 ms" status=200 user_agent=PostmanRuntime/7.28.4
time="2021-12-07 11:09:47" level=info client_ip="::1" data_size=496 hostname=DESKTOP-VL3JSDS method=GET path=/api/user/ spend_time="2 ms" status=200 user_agent=PostmanRuntime/7.28.4
time="2021-12-07 11:09:54" level=warning client_ip="::1" data_size=74 hostname=DESKTOP-VL3JSDS method=GET path=/api/user/ spend_time="0 ms" status=400 user_agent=PostmanRuntime/7.28.4
time="2021-12-07 11:09:56" level=info client_ip="::1" data_size=496 hostname=DESKTOP-VL3JSDS method=GET path=/api/user/ spend_time="3 ms" status=200 user_agent=PostmanRuntime/7.28.4
time="2021-12-07 11:10:04" level=warning client_ip="::1" data_size=74 hostname=DESKTOP-VL3JSDS method=DELETE path=/api/user/2 spend_time="0 ms" status=400 user_agent=PostmanRuntime/7.28.4
time="2021-12-07 12:01:51" level=warning client_ip="::1" data_size=74 hostname=DESKTOP-VL3JSDS method=POST path=/api/classification spend_time="0 ms" status=400 user_agent=PostmanRuntime/7.28.4
time="2021-12-07 12:05:01" level=warning client_ip="::1" data_size=74 hostname=DESKTOP-VL3JSDS method=POST path=/api/classification spend_time="0 ms" status=400 user_agent=PostmanRuntime/7.28.4
time="2021-12-07 12:05:28" level=warning client_ip="::1" data_size=123 hostname=DESKTOP-VL3JSDS method=POST path=/api/classification spend_time="0 ms" status=400 user_agent=PostmanRuntime/7.28.4
time="2021-12-07 12:06:52" level=warning client_ip="::1" data_size=123 hostname=DESKTOP-VL3JSDS method=POST path=/api/classification spend_time="0 ms" status=400 user_agent=PostmanRuntime/7.28.4
time="2021-12-07 12:08:14" level=warning client_ip="::1" data_size=123 hostname=DESKTOP-VL3JSDS method=POST path=/api/classification spend_time="0 ms" status=400 user_agent=PostmanRuntime/7.28.4
time="2021-12-07 12:08:14" level=warning client_ip="::1" data_size=123 hostname=DESKTOP-VL3JSDS method=POST path=/api/classification spend_time="0 ms" status=400 user_agent=PostmanRuntime/7.28.4
time="2021-12-07 12:14:53" level=info client_ip="::1" data_size=184 hostname=DESKTOP-VL3JSDS method=POST path=/api/classification spend_time="22 ms" status=200 user_agent=PostmanRuntime/7.28.4
time="2021-12-07 12:15:42" level=info client_ip="::1" data_size=184 hostname=DESKTOP-VL3JSDS method=POST path=/api/classification spend_time="8 ms" status=200 user_agent=PostmanRuntime/7.28.4
time="2021-12-07 12:15:46" level=info client_ip="::1" data_size=185 hostname=DESKTOP-VL3JSDS method=POST path=/api/classification spend_time="12 ms" status=200 user_agent=PostmanRuntime/7.28.4
time="2021-12-07 12:15:50" level=info client_ip="::1" data_size=183 hostname=DESKTOP-VL3JSDS method=POST path=/api/classification spend_time="17 ms" status=200 user_agent=PostmanRuntime/7.28.4
time="2021-12-07 12:16:30" level=warning client_ip="::1" data_size=93 hostname=DESKTOP-VL3JSDS method=GET path="/api/classification/:3" spend_time="0 ms" status=400 user_agent=PostmanRuntime/7.28.4
time="2021-12-07 12:18:56" level=info client_ip="::1" data_size=177 hostname=DESKTOP-VL3JSDS method=GET path=/api/classification/3 spend_time="11 ms" status=200 user_agent=PostmanRuntime/7.28.4
time="2021-12-07 12:19:22" level=info client_ip="::1" data_size=176 hostname=DESKTOP-VL3JSDS method=GET path=/api/classification/2 spend_time="1 ms" status=200 user_agent=PostmanRuntime/7.28.4
time="2021-12-07 12:19:53" level=info client_ip="::1" data_size=163 hostname=DESKTOP-VL3JSDS method=DELETE path=/api/classification/2 spend_time="11 ms" status=200 user_agent=PostmanRuntime/7.28.4
time="2021-12-07 12:23:28" level=warning client_ip="::1" data_size=183 hostname=DESKTOP-VL3JSDS method=PUT path=/api/classification spend_time="0 ms" status=400 user_agent=PostmanRuntime/7.28.4
time="2021-12-07 12:24:08" level=warning client_ip="::1" data_size=183 hostname=DESKTOP-VL3JSDS method=PUT path=/api/classification spend_time="1 ms" status=400 user_agent=PostmanRuntime/7.28.4
time="2021-12-07 12:25:53" level=warning client_ip="::1" data_size=183 hostname=DESKTOP-VL3JSDS method=PUT path=/api/classification spend_time="0 ms" status=400 user_agent=PostmanRuntime/7.28.4
time="2021-12-07 12:30:11" level=warning client_ip="::1" data_size=183 hostname=DESKTOP-VL3JSDS method=PUT path=/api/classification spend_time="1 ms" status=400 user_agent=PostmanRuntime/7.28.4
time="2021-12-07 12:30:55" level=warning client_ip="::1" data_size=183 hostname=DESKTOP-VL3JSDS method=PUT path=/api/classification spend_time="0 ms" status=400 user_agent=PostmanRuntime/7.28.4
time="2021-12-07 12:49:57" level=warning client_ip="::1" data_size=123 hostname=DESKTOP-VL3JSDS method=POST path=/api/classification spend_time="0 ms" status=400 user_agent=PostmanRuntime/7.28.4
time="2021-12-07 12:51:04" level=warning client_ip="::1" data_size=123 hostname=DESKTOP-VL3JSDS method=PUT path=/api/classification spend_time="0 ms" status=400 user_agent=PostmanRuntime/7.28.4
time="2021-12-07 12:51:07" level=warning client_ip="::1" data_size=119 hostname=DESKTOP-VL3JSDS method=PUT path=/api/classification spend_time="0 ms" status=400 user_agent=PostmanRuntime/7.28.4
time="2021-12-07 12:51:10" level=info client_ip="::1" data_size=175 hostname=DESKTOP-VL3JSDS method=PUT path=/api/classification spend_time="2 ms" status=200 user_agent=PostmanRuntime/7.28.4
time="2021-12-07 12:51:17" level=info client_ip="::1" data_size=163 hostname=DESKTOP-VL3JSDS method=GET path=/api/classification/2 spend_time="1 ms" status=200 user_agent=PostmanRuntime/7.28.4
time="2021-12-07 12:51:18" level=info client_ip="::1" data_size=163 hostname=DESKTOP-VL3JSDS method=GET path=/api/classification/2 spend_time="2 ms" status=200 user_agent=PostmanRuntime/7.28.4
time="2021-12-07 12:54:18" level=info client_ip="::1" data_size=175 hostname=DESKTOP-VL3JSDS method=PUT path=/api/classification spend_time="16 ms" status=200 user_agent=PostmanRuntime/7.28.4
time="2021-12-07 12:55:44" level=info client_ip="::1" data_size=181 hostname=DESKTOP-VL3JSDS method=PUT path=/api/classification spend_time="22 ms" status=200 user_agent=PostmanRuntime/7.28.4
time="2021-12-07 12:56:57" level=info client_ip="::1" data_size=175 hostname=DESKTOP-VL3JSDS method=PUT path=/api/classification spend_time="11 ms" status=200 user_agent=PostmanRuntime/7.28.4
time="2021-12-07 12:58:07" level=info client_ip="::1" data_size=187 hostname=DESKTOP-VL3JSDS method=POST path=/api/classification spend_time="26 ms" status=200 user_agent=PostmanRuntime/7.28.4
time="2021-12-07 12:58:19" level=info client_ip="::1" data_size=177 hostname=DESKTOP-VL3JSDS method=POST path=/api/classification/update spend_time="4 ms" status=200 user_agent=PostmanRuntime/7.28.4
time="2021-12-07 13:05:49" level=warning client_ip="::1" data_size=-1 hostname=DESKTOP-VL3JSDS method=PUT path=/api/classification/update spend_time="0 ms" status=404 user_agent=PostmanRuntime/7.28.4
time="2021-12-07 13:05:55" level=info client_ip="::1" data_size=178 hostname=DESKTOP-VL3JSDS method=PUT path=/api/classification spend_time="3 ms" status=200 user_agent=PostmanRuntime/7.28.4
time="2021-12-07 13:09:44" level=info client_ip="::1" data_size=178 hostname=DESKTOP-VL3JSDS method=PUT path=/api/classification spend_time="2 ms" status=200 user_agent=PostmanRuntime/7.28.4
time="2021-12-07 13:09:47" level=info client_ip="::1" data_size=178 hostname=DESKTOP-VL3JSDS method=PUT path=/api/classification spend_time="4 ms" status=200 user_agent=PostmanRuntime/7.28.4
time="2021-12-07 13:11:19" level=warning client_ip="::1" data_size=-1 hostname=DESKTOP-VL3JSDS method=PUT path=/api/classification/1 spend_time="0 ms" status=404 user_agent=PostmanRuntime/7.28.4
time="2021-12-07 13:11:59" level=warning client_ip="::1" data_size=183 hostname=DESKTOP-VL3JSDS method=PUT path=/api/classification/1 spend_time="0 ms" status=400 user_agent=PostmanRuntime/7.28.4
time="2021-12-07 13:12:01" level=warning client_ip="::1" data_size=183 hostname=DESKTOP-VL3JSDS method=PUT path=/api/classification/1 spend_time="0 ms" status=400 user_agent=PostmanRuntime/7.28.4
time="2021-12-07 13:12:13" level=warning client_ip="::1" data_size=119 hostname=DESKTOP-VL3JSDS method=PUT path=/api/classification/1 spend_time="1 ms" status=400 user_agent=PostmanRuntime/7.28.4
time="2021-12-07 13:12:14" level=warning client_ip="::1" data_size=119 hostname=DESKTOP-VL3JSDS method=PUT path=/api/classification/1 spend_time="1 ms" status=400 user_agent=PostmanRuntime/7.28.4
time="2021-12-07 13:12:17" level=info client_ip="::1" data_size=178 hostname=DESKTOP-VL3JSDS method=PUT path=/api/classification/1 spend_time="3 ms" status=200 user_agent=PostmanRuntime/7.28.4
time="2021-12-07 13:17:26" level=info client_ip="::1" data_size=178 hostname=DESKTOP-VL3JSDS method=PUT path=/api/classification/1 spend_time="12 ms" status=200 user_agent=PostmanRuntime/7.28.4
time="2021-12-07 13:19:47" level=info client_ip="::1" data_size=178 hostname=DESKTOP-VL3JSDS method=PUT path=/api/classification/1 spend_time="27 ms" status=200 user_agent=PostmanRuntime/7.28.4
time="2021-12-07 13:19:57" level=info client_ip="::1" data_size=178 hostname=DESKTOP-VL3JSDS method=PUT path=/api/classification/1 spend_time="13 ms" status=200 user_agent=PostmanRuntime/7.28.4
time="2021-12-07 13:19:57" level=info client_ip="::1" data_size=178 hostname=DESKTOP-VL3JSDS method=PUT path=/api/classification/1 spend_time="10 ms" status=200 user_agent=PostmanRuntime/7.28.4
time="2021-12-07 13:19:58" level=info client_ip="::1" data_size=178 hostname=DESKTOP-VL3JSDS method=PUT path=/api/classification/1 spend_time="14 ms" status=200 user_agent=PostmanRuntime/7.28.4
time="2021-12-07 13:20:50" level=info client_ip="::1" data_size=178 hostname=DESKTOP-VL3JSDS method=PUT path=/api/classification/1 spend_time="26 ms" status=200 user_agent=PostmanRuntime/7.28.4
time="2021-12-07 13:20:51" level=info client_ip="::1" data_size=178 hostname=DESKTOP-VL3JSDS method=PUT path=/api/classification/1 spend_time="25 ms" status=200 user_agent=PostmanRuntime/7.28.4
time="2021-12-07 13:20:51" level=info client_ip="::1" data_size=178 hostname=DESKTOP-VL3JSDS method=PUT path=/api/classification/1 spend_time="2 ms" status=200 user_agent=PostmanRuntime/7.28.4
time="2021-12-07 13:20:53" level=info client_ip="::1" data_size=178 hostname=DESKTOP-VL3JSDS method=PUT path=/api/classification/1 spend_time="17 ms" status=200 user_agent=PostmanRuntime/7.28.4
time="2021-12-07 13:21:10" level=info client_ip="::1" data_size=179 hostname=DESKTOP-VL3JSDS method=PUT path=/api/classification/1 spend_time="16 ms" status=200 user_agent=PostmanRuntime/7.28.4
time="2021-12-07 13:22:20" level=info client_ip="::1" data_size=182 hostname=DESKTOP-VL3JSDS method=PUT path=/api/classification/1 spend_time="29 ms" status=200 user_agent=PostmanRuntime/7.28.4
time="2021-12-07 13:29:34" level=info client_ip="::1" data_size=165 hostname=DESKTOP-VL3JSDS method=GET path=/api/classification/list spend_time="1 ms" status=200 user_agent=PostmanRuntime/7.28.4
time="2021-12-07 13:29:50" level=info client_ip="::1" data_size=165 hostname=DESKTOP-VL3JSDS method=GET path=/api/classification/list spend_time="0 ms" status=200 user_agent=PostmanRuntime/7.28.4
time="2021-12-07 13:31:06" level=info client_ip="::1" data_size=57 hostname=DESKTOP-VL3JSDS method=GET path=/api/classification/list spend_time="0 ms" status=200 user_agent=PostmanRuntime/7.28.4
time="2021-12-07 13:31:07" level=info client_ip="::1" data_size=57 hostname=DESKTOP-VL3JSDS method=GET path=/api/classification/list spend_time="0 ms" status=200 user_agent=PostmanRuntime/7.28.4
time="2021-12-07 13:31:08" level=info client_ip="::1" data_size=57 hostname=DESKTOP-VL3JSDS method=GET path=/api/classification/list spend_time="1 ms" status=200 user_agent=PostmanRuntime/7.28.4
time="2021-12-07 13:31:09" level=info client_ip="::1" data_size=57 hostname=DESKTOP-VL3JSDS method=GET path=/api/classification/list spend_time="0 ms" status=200 user_agent=PostmanRuntime/7.28.4
time="2021-12-07 13:31:10" level=info client_ip="::1" data_size=57 hostname=DESKTOP-VL3JSDS method=GET path=/api/classification/list spend_time="0 ms" status=200 user_agent=PostmanRuntime/7.28.4
time="2021-12-07 13:31:11" level=info client_ip="::1" data_size=57 hostname=DESKTOP-VL3JSDS method=GET path=/api/classification/list spend_time="0 ms" status=200 user_agent=PostmanRuntime/7.28.4
time="2021-12-07 13:31:11" level=info client_ip="::1" data_size=57 hostname=DESKTOP-VL3JSDS method=GET path=/api/classification/list spend_time="0 ms" status=200 user_agent=PostmanRuntime/7.28.4
time="2021-12-07 13:32:55" level=info client_ip="::1" data_size=784 hostname=DESKTOP-VL3JSDS method=GET path=/api/classification/list spend_time="30 ms" status=200 user_agent=PostmanRuntime/7.28.4
time="2021-12-07 13:40:05" level=info client_ip="::1" data_size=685 hostname=DESKTOP-VL3JSDS method=GET path=/api/classification/list spend_time="11 ms" status=200 user_agent=PostmanRuntime/7.28.4
time="2021-12-07 13:40:09" level=info client_ip="::1" data_size=685 hostname=DESKTOP-VL3JSDS method=GET path=/api/classification/list spend_time="1 ms" status=200 user_agent=PostmanRuntime/7.28.4
time="2021-12-07 13:40:15" level=info client_ip="::1" data_size=318 hostname=DESKTOP-VL3JSDS method=GET path=/api/classification/list spend_time="1 ms" status=200 user_agent=PostmanRuntime/7.28.4
time="2021-12-07 14:34:27" level=info client_ip="::1" data_size=318 hostname=DESKTOP-VL3JSDS method=GET path=/api/classification/list spend_time="4 ms" status=200 user_agent=PostmanRuntime/7.28.4
time="2021-12-07 16:03:15" level=warning client_ip="::1" data_size=395 hostname=DESKTOP-VL3JSDS method=POST path=/api/article spend_time="1 ms" status=400 user_agent=PostmanRuntime/7.28.4
time="2021-12-07 16:05:25" level=warning client_ip="::1" data_size=147 hostname=DESKTOP-VL3JSDS method=POST path=/api/article spend_time="0 ms" status=400 user_agent=PostmanRuntime/7.28.4
time="2021-12-07 16:07:10" level=warning client_ip="::1" data_size=121 hostname=DESKTOP-VL3JSDS method=POST path=/api/article spend_time="1 ms" status=400 user_agent=PostmanRuntime/7.28.4
time="2021-12-07 16:07:17" level=info client_ip="::1" data_size=735 hostname=DESKTOP-VL3JSDS method=POST path=/api/article spend_time="3 ms" status=200 user_agent=PostmanRuntime/7.28.4
time="2021-12-07 16:24:19" level=warning client_ip="::1" data_size=187 hostname=DESKTOP-VL3JSDS method=POST path=/api/article spend_time="1 ms" status=400 user_agent=PostmanRuntime/7.28.4
time="2021-12-07 16:24:27" level=info client_ip="::1" data_size=737 hostname=DESKTOP-VL3JSDS method=POST path=/api/article spend_time="3 ms" status=200 user_agent=PostmanRuntime/7.28.4
time="2021-12-07 16:25:20" level=info client_ip="::1" data_size=69 hostname=DESKTOP-VL3JSDS method=GET path=/api/article spend_time="2 ms" status=200 user_agent=PostmanRuntime/7.28.4
time="2021-12-07 16:25:58" level=info client_ip="::1" data_size=69 hostname=DESKTOP-VL3JSDS method=GET path=/api/article spend_time="2 ms" status=200 user_agent=PostmanRuntime/7.28.4
time="2021-12-07 16:28:32" level=info client_ip="::1" data_size=69 hostname=DESKTOP-VL3JSDS method=GET path=/api/article spend_time="3 ms" status=200 user_agent=PostmanRuntime/7.28.4
time="2021-12-07 16:28:33" level=info client_ip="::1" data_size=69 hostname=DESKTOP-VL3JSDS method=GET path=/api/article spend_time="2 ms" status=200 user_agent=PostmanRuntime/7.28.4
time="2021-12-07 16:28:35" level=info client_ip="::1" data_size=69 hostname=DESKTOP-VL3JSDS method=GET path=/api/article spend_time="2 ms" status=200 user_agent=PostmanRuntime/7.28.4
time="2021-12-07 16:39:35" level=info client_ip="::1" data_size=753 hostname=DESKTOP-VL3JSDS method=POST path=/api/article spend_time="44 ms" status=200 user_agent=PostmanRuntime/7.28.4
time="2021-12-07 16:52:42" level=info client_ip="::1" data_size=753 hostname=DESKTOP-VL3JSDS method=POST path=/api/article spend_time="18 ms" status=200 user_agent=PostmanRuntime/7.28.4
time="2021-12-07 17:07:05" level=warning client_ip="::1" data_size=395 hostname=DESKTOP-VL3JSDS method=POST path=/api/article spend_time="0 ms" status=400 user_agent=PostmanRuntime/7.28.4
time="2021-12-07 17:07:11" level=warning client_ip="::1" data_size=420 hostname=DESKTOP-VL3JSDS method=POST path=/api/article spend_time="0 ms" status=400 user_agent=PostmanRuntime/7.28.4
time="2021-12-07 17:11:41" level=warning client_ip="::1" data_size=395 hostname=DESKTOP-VL3JSDS method=POST path=/api/article spend_time="0 ms" status=400 user_agent=PostmanRuntime/7.28.4
